#
# There is insufficient memory for the Java Runtime Environment to continue.
# Native memory allocation (malloc) failed to allocate 1451840 bytes. Error detail: Chunk::new
# Possible reasons:
#   The system is out of physical RAM or swap space
#   This process is running with CompressedOops enabled, and the Java Heap may be blocking the growth of the native heap
# Possible solutions:
#   Reduce memory load on the system
#   Increase physical memory or swap space
#   Check if swap backing store is full
#   Decrease Java heap size (-Xmx/-Xms)
#   Decrease number of Java threads
#   Decrease Java thread stack sizes (-Xss)
#   Set larger code cache with -XX:ReservedCodeCacheSize=
#   JVM is running with Unscaled Compressed Oops mode in which the Java heap is
#     placed in the first 4GB address space. The Java Heap base address is the
#     maximum limit for the native heap growth. Please use -XX:HeapBaseMinAddress
#     to set the Java Heap base and to place the Java Heap above 4GB virtual address.
# This output file may be truncated or incomplete.
#
#  Out of Memory Error (arena.cpp:168), pid=19656, tid=1976
#
# JRE version: OpenJDK Runtime Environment Temurin-21.0.9+10 (21.0.9+10) (build 21.0.9+10-LTS)
# Java VM: OpenJDK 64-Bit Server VM Temurin-21.0.9+10 (21.0.9+10-LTS, mixed mode, tiered, compressed oops, compressed class ptrs, g1 gc, windows-amd64)
# No core dump will be written. Minidumps are not enabled by default on client versions of Windows
#

---------------  S U M M A R Y ------------

Command Line: -Dosgi.requiredJavaVersion=1.8 -Dosgi.instance.area.default=@user.home/STM32CubeIDE/workspace_2.1.0 -Declipse.buildId=Version 2.1.0 -DproductMaturityGrade=mm -Djdk.http.auth.tunneling.disabledSchemes= -XX:+UseG1GC -XX:+UseStringDeduplication -Xms256m -Xmx1024m -Djavax.net.ssl.trustStoreType=WINDOWS-ROOT 

Host: AMD Ryzen 5 5600H with Radeon Graphics         , 12 cores, 15G,  Windows 11 , 64 bit Build 26100 (10.0.26100.8521)
Time: Sun Jun 21 09:24:21 2026 SE Asia Standard Time elapsed time: 50.134124 seconds (0d 0h 0m 50s)

---------------  T H R E A D  ---------------

Current thread (0x000001877a116f60):  JavaThread "C2 CompilerThread1" daemon [_thread_in_native, id=1976, stack(0x0000007d13800000,0x0000007d13900000) (1024K)]


Current CompileTask:
C2:50134 7266       4       jdk.internal.org.objectweb.asm.SymbolTable::addConstantMemberReference (147 bytes)

Stack: [0x0000007d13800000,0x0000007d13900000]
Native frames: (J=compiled Java code, j=interpreted, Vv=VM code, C=native code)
V  [jvm.dll+0x6d6e29]
V  [jvm.dll+0x8b4b76]
V  [jvm.dll+0x8b712e]
V  [jvm.dll+0x8b7813]
V  [jvm.dll+0x283d86]
V  [jvm.dll+0xc66ed]
V  [jvm.dll+0xc6c31]
V  [jvm.dll+0x3be53b]
V  [jvm.dll+0x1e3d59]
V  [jvm.dll+0x24c0f3]
V  [jvm.dll+0x24b580]
V  [jvm.dll+0x1cb13e]
V  [jvm.dll+0x25b29d]
V  [jvm.dll+0x25982a]
V  [jvm.dll+0x3f7ea6]
V  [jvm.dll+0x85e9ad]
V  [jvm.dll+0x6d565d]
C  [ucrtbase.dll+0x2cd30]
C  [KERNEL32.DLL+0x2e957]
C  [ntdll.dll+0x87c1c]


---------------  P R O C E S S  ---------------

Threads class SMR info:
_java_thread_list=0x0000018768762e10, length=27, elements={
0x0000018766052e80, 0x000001877a0b3f50, 0x000001877a0f53d0, 0x000001877a107460,
0x000001877a0e8db0, 0x000001877a0dcf50, 0x000001877a0df8f0, 0x000001877a0e5180,
0x000001877a116890, 0x000001877a1283d0, 0x000001877a2c7a40, 0x000001877a2cd4d0,
0x000001877bf38fa0, 0x000001877bf38910, 0x000001877bf39cc0, 0x000001877bf3b070,
0x000001877bf3b700, 0x000001877bf39630, 0x000001877bf3a9e0, 0x000001877c97ff90,
0x000001877c9826f0, 0x000001877c9819d0, 0x000001877a116f60, 0x000001877a117630,
0x000001877c980620, 0x000001877c982d80, 0x000001877c97f900
}

Java Threads: ( => current thread )
  0x0000018766052e80 JavaThread "main"                              [_thread_in_vm, id=9652, stack(0x0000007d11040000,0x0000007d11140000) (1024K)]
  0x000001877a0b3f50 JavaThread "Reference Handler"          daemon [_thread_blocked, id=23168, stack(0x0000007d11e00000,0x0000007d11f00000) (1024K)]
  0x000001877a0f53d0 JavaThread "Finalizer"                  daemon [_thread_blocked, id=21408, stack(0x0000007d11f00000,0x0000007d12000000) (1024K)]
  0x000001877a107460 JavaThread "Signal Dispatcher"          daemon [_thread_blocked, id=25248, stack(0x0000007d12000000,0x0000007d12100000) (1024K)]
  0x000001877a0e8db0 JavaThread "Attach Listener"            daemon [_thread_blocked, id=24600, stack(0x0000007d12100000,0x0000007d12200000) (1024K)]
  0x000001877a0dcf50 JavaThread "Service Thread"             daemon [_thread_blocked, id=9924, stack(0x0000007d12200000,0x0000007d12300000) (1024K)]
  0x000001877a0df8f0 JavaThread "Monitor Deflation Thread"   daemon [_thread_blocked, id=15044, stack(0x0000007d12300000,0x0000007d12400000) (1024K)]
  0x000001877a0e5180 JavaThread "C2 CompilerThread0"         daemon [_thread_in_native, id=14152, stack(0x0000007d12400000,0x0000007d12500000) (1024K)]
  0x000001877a116890 JavaThread "C1 CompilerThread0"         daemon [_thread_blocked, id=8228, stack(0x0000007d12500000,0x0000007d12600000) (1024K)]
  0x000001877a1283d0 JavaThread "StringDedupThread"          daemon [_thread_blocked, id=25572, stack(0x0000007d12600000,0x0000007d12700000) (1024K)]
  0x000001877a2c7a40 JavaThread "Notification Thread"        daemon [_thread_blocked, id=22572, stack(0x0000007d12700000,0x0000007d12800000) (1024K)]
  0x000001877a2cd4d0 JavaThread "Common-Cleaner"             daemon [_thread_blocked, id=9632, stack(0x0000007d12800000,0x0000007d12900000) (1024K)]
  0x000001877bf38fa0 JavaThread "Active Thread: Equinox Container: c6ffbc15-9685-4906-85d3-6b866c170740"        [_thread_blocked, id=16064, stack(0x0000007d13400000,0x0000007d13500000) (1024K)]
  0x000001877bf38910 JavaThread "Framework Event Dispatcher: Equinox Container: c6ffbc15-9685-4906-85d3-6b866c170740" daemon [_thread_blocked, id=12676, stack(0x0000007d13500000,0x0000007d13600000) (1024K)]
  0x000001877bf39cc0 JavaThread "Start Level: Equinox Container: c6ffbc15-9685-4906-85d3-6b866c170740" daemon [_thread_blocked, id=23372, stack(0x0000007d13600000,0x0000007d13700000) (1024K)]
  0x000001877bf3b070 JavaThread "SCR Component Actor"        daemon [_thread_blocked, id=17740, stack(0x0000007d13700000,0x0000007d13800000) (1024K)]
  0x000001877bf3b700 JavaThread "EMF Reference Cleaner"      daemon [_thread_blocked, id=14324, stack(0x0000007d13900000,0x0000007d13a00000) (1024K)]
  0x000001877bf39630 JavaThread "Worker-JM"                         [_thread_blocked, id=12352, stack(0x0000007d13d00000,0x0000007d13e00000) (1024K)]
  0x000001877bf3a9e0 JavaThread "Gogo shell"                        [_thread_blocked, id=21944, stack(0x0000007d13e00000,0x0000007d13f00000) (1024K)]
  0x000001877c97ff90 JavaThread "JNA Cleaner"                daemon [_thread_blocked, id=3472, stack(0x0000007d14100000,0x0000007d14200000) (1024K)]
  0x000001877c9826f0 JavaThread "Worker-0"                          [_thread_blocked, id=15908, stack(0x0000007d14200000,0x0000007d14300000) (1024K)]
  0x000001877c9819d0 JavaThread "SCR Component Registry"     daemon [_thread_blocked, id=20316, stack(0x0000007d14300000,0x0000007d14400000) (1024K)]
=>0x000001877a116f60 JavaThread "C2 CompilerThread1"         daemon [_thread_in_native, id=1976, stack(0x0000007d13800000,0x0000007d13900000) (1024K)]
  0x000001877a117630 JavaThread "C2 CompilerThread2"         daemon [_thread_in_native, id=4312, stack(0x0000007d14000000,0x0000007d14100000) (1024K)]
  0x000001877c980620 JavaThread "Bundle File Closer"         daemon [_thread_blocked, id=24092, stack(0x0000007d14400000,0x0000007d14500000) (1024K)]
  0x000001877c982d80 JavaThread "Worker-1"                          [_thread_blocked, id=21884, stack(0x0000007d13c00000,0x0000007d13d00000) (1024K)]
  0x000001877c97f900 JavaThread "ForkJoinPool.commonPool-worker-1" daemon [_thread_blocked, id=16252, stack(0x0000007d14500000,0x0000007d14600000) (1024K)]
Total: 27

Other Threads:
  0x000001877a039070 VMThread "VM Thread"                           [id=9300, stack(0x0000007d11d00000,0x0000007d11e00000) (1024K)]
  0x0000018775fb4150 WatcherThread "VM Periodic Task Thread"        [id=2776, stack(0x0000007d11c00000,0x0000007d11d00000) (1024K)]
  0x000001876870b3c0 WorkerThread "GC Thread#0"                     [id=16712, stack(0x0000007d11700000,0x0000007d11800000) (1024K)]
  0x000001877bfcc010 WorkerThread "GC Thread#1"                     [id=14520, stack(0x0000007d12b00000,0x0000007d12c00000) (1024K)]
  0x000001877bfcc3b0 WorkerThread "GC Thread#2"                     [id=6684, stack(0x0000007d12c00000,0x0000007d12d00000) (1024K)]
  0x000001877ba31c80 WorkerThread "GC Thread#3"                     [id=24712, stack(0x0000007d12d00000,0x0000007d12e00000) (1024K)]
  0x000001877ba32020 WorkerThread "GC Thread#4"                     [id=21964, stack(0x0000007d12e00000,0x0000007d12f00000) (1024K)]
  0x000001877ba323c0 WorkerThread "GC Thread#5"                     [id=24072, stack(0x0000007d12f00000,0x0000007d13000000) (1024K)]
  0x000001877bb6a620 WorkerThread "GC Thread#6"                     [id=7076, stack(0x0000007d13000000,0x0000007d13100000) (1024K)]
  0x000001877abf8e80 WorkerThread "GC Thread#7"                     [id=19416, stack(0x0000007d13100000,0x0000007d13200000) (1024K)]
  0x000001877bea2710 WorkerThread "GC Thread#8"                     [id=13224, stack(0x0000007d13200000,0x0000007d13300000) (1024K)]
  0x000001877bc3d440 WorkerThread "GC Thread#9"                     [id=11928, stack(0x0000007d13300000,0x0000007d13400000) (1024K)]
  0x0000018768715130 ConcurrentGCThread "G1 Main Marker"            [id=13124, stack(0x0000007d11800000,0x0000007d11900000) (1024K)]
  0x0000018768717690 WorkerThread "G1 Conc#0"                       [id=22272, stack(0x0000007d11900000,0x0000007d11a00000) (1024K)]
  0x000001877bc3d7e0 WorkerThread "G1 Conc#1"                       [id=9436, stack(0x0000007d13a00000,0x0000007d13b00000) (1024K)]
  0x000001877bc3db80 WorkerThread "G1 Conc#2"                       [id=28096, stack(0x0000007d13b00000,0x0000007d13c00000) (1024K)]
  0x000001876878e980 ConcurrentGCThread "G1 Refine#0"               [id=18768, stack(0x0000007d11a00000,0x0000007d11b00000) (1024K)]
  0x0000018775e82660 ConcurrentGCThread "G1 Service"                [id=28524, stack(0x0000007d11b00000,0x0000007d11c00000) (1024K)]
Total: 18

Threads with active compile tasks:
C2 CompilerThread0  50183 7302       4       java.util.TreeMap::put (221 bytes)
C2 CompilerThread1  50183 7266       4       jdk.internal.org.objectweb.asm.SymbolTable::addConstantMemberReference (147 bytes)
C2 CompilerThread2  50184 7269       4       jdk.internal.org.objectweb.asm.SymbolTable::addType (81 bytes)
Total: 3

VM state: not at safepoint (normal execution)

VM Mutex/Monitor currently owned by a thread: None

Heap address: 0x00000000c0000000, size: 1024 MB, Compressed Oops mode: 32-bit

CDS archive(s) not mapped
Compressed class space mapped at: 0x0000000100000000-0x0000000140000000, reserved size: 1073741824
Narrow klass base: 0x0000000000000000, Narrow klass shift: 3, Narrow klass range: 0x140000000

GC Precious Log:
 CardTable entry size: 512
 Card Set container configuration: InlinePtr #cards 5 size 8 Array Of Cards #cards 12 size 40 Howl #buckets 4 coarsen threshold 1843 Howl Bitmap #cards 512 size 80 coarsen threshold 460 Card regions per heap region 1 cards per card region 2048
 CPUs: 12 total, 12 available
 Memory: 15720M
 Large Page Support: Disabled
 NUMA Support: Disabled
 Compressed Oops: Enabled (32-bit)
 Heap Region Size: 1M
 Heap Min Capacity: 256M
 Heap Initial Capacity: 256M
 Heap Max Capacity: 1G
 Pre-touch: Disabled
 Parallel Workers: 10
 Concurrent Workers: 3
 Concurrent Refinement Workers: 10
 Periodic GC: Disabled
 String Deduplication is enabled

Heap:
 garbage-first heap   total 262144K, used 46644K [0x00000000c0000000, 0x0000000100000000)
  region size 1024K, 10 young (10240K), 1 survivors (1024K)
 Metaspace       used 63332K, committed 64896K, reserved 1114112K
  class space    used 7203K, committed 7808K, reserved 1048576K

Heap Regions: E=young(eden), S=young(survivor), O=old, HS=humongous(starts), HC=humongous(continues), CS=collection set, F=free, TAMS=top-at-mark-start, PB=parsable bottom
|   0|0x00000000c0000000, 0x00000000c0100000, 0x00000000c0100000|100%| O|  |TAMS 0x00000000c0000000| PB 0x00000000c0000000| Untracked 
|   1|0x00000000c0100000, 0x00000000c0200000, 0x00000000c0200000|100%| O|  |TAMS 0x00000000c0100000| PB 0x00000000c0100000| Untracked 
|   2|0x00000000c0200000, 0x00000000c0300000, 0x00000000c0300000|100%| O|  |TAMS 0x00000000c0200000| PB 0x00000000c0200000| Untracked 
|   3|0x00000000c0300000, 0x00000000c0400000, 0x00000000c0400000|100%| O|  |TAMS 0x00000000c0300000| PB 0x00000000c0300000| Untracked 
|   4|0x00000000c0400000, 0x00000000c0500000, 0x00000000c0500000|100%| O|  |TAMS 0x00000000c0400000| PB 0x00000000c0400000| Untracked 
|   5|0x00000000c0500000, 0x00000000c0600000, 0x00000000c0600000|100%| O|  |TAMS 0x00000000c0500000| PB 0x00000000c0500000| Untracked 
|   6|0x00000000c0600000, 0x00000000c0700000, 0x00000000c0700000|100%| O|  |TAMS 0x00000000c0600000| PB 0x00000000c0600000| Untracked 
|   7|0x00000000c0700000, 0x00000000c0800000, 0x00000000c0800000|100%|HS|  |TAMS 0x00000000c0700000| PB 0x00000000c0700000| Complete 
|   8|0x00000000c0800000, 0x00000000c0900000, 0x00000000c0900000|100%| O|Cm|TAMS 0x00000000c0800000| PB 0x00000000c0800000| Complete 
|   9|0x00000000c0900000, 0x00000000c0a00000, 0x00000000c0a00000|100%| O|  |TAMS 0x00000000c0900000| PB 0x00000000c0900000| Untracked 
|  10|0x00000000c0a00000, 0x00000000c0b00000, 0x00000000c0b00000|100%| O|  |TAMS 0x00000000c0a00000| PB 0x00000000c0a00000| Untracked 
|  11|0x00000000c0b00000, 0x00000000c0c00000, 0x00000000c0c00000|100%| O|  |TAMS 0x00000000c0b00000| PB 0x00000000c0b00000| Untracked 
|  12|0x00000000c0c00000, 0x00000000c0c00000, 0x00000000c0d00000|  0%| F|  |TAMS 0x00000000c0c00000| PB 0x00000000c0c00000| Untracked 
|  13|0x00000000c0d00000, 0x00000000c0e00000, 0x00000000c0e00000|100%| O|  |TAMS 0x00000000c0d00000| PB 0x00000000c0d00000| Untracked 
|  14|0x00000000c0e00000, 0x00000000c0f00000, 0x00000000c0f00000|100%| O|  |TAMS 0x00000000c0e00000| PB 0x00000000c0e00000| Untracked 
|  15|0x00000000c0f00000, 0x00000000c1000000, 0x00000000c1000000|100%| O|  |TAMS 0x00000000c0f00000| PB 0x00000000c0f00000| Untracked 
|  16|0x00000000c1000000, 0x00000000c1100000, 0x00000000c1100000|100%| O|  |TAMS 0x00000000c1000000| PB 0x00000000c1000000| Untracked 
|  17|0x00000000c1100000, 0x00000000c1200000, 0x00000000c1200000|100%| O|  |TAMS 0x00000000c1100000| PB 0x00000000c1100000| Untracked 
|  18|0x00000000c1200000, 0x00000000c1300000, 0x00000000c1300000|100%| O|  |TAMS 0x00000000c1200000| PB 0x00000000c1200000| Untracked 
|  19|0x00000000c1300000, 0x00000000c1400000, 0x00000000c1400000|100%| O|  |TAMS 0x00000000c1300000| PB 0x00000000c1300000| Untracked 
|  20|0x00000000c1400000, 0x00000000c1500000, 0x00000000c1500000|100%| O|  |TAMS 0x00000000c1400000| PB 0x00000000c1400000| Untracked 
|  21|0x00000000c1500000, 0x00000000c1600000, 0x00000000c1600000|100%| O|  |TAMS 0x00000000c1500000| PB 0x00000000c1500000| Untracked 
|  22|0x00000000c1600000, 0x00000000c1700000, 0x00000000c1700000|100%| O|  |TAMS 0x00000000c1600000| PB 0x00000000c1600000| Untracked 
|  23|0x00000000c1700000, 0x00000000c1800000, 0x00000000c1800000|100%| O|  |TAMS 0x00000000c1700000| PB 0x00000000c1700000| Untracked 
|  24|0x00000000c1800000, 0x00000000c1900000, 0x00000000c1900000|100%| O|  |TAMS 0x00000000c1800000| PB 0x00000000c1800000| Untracked 
|  25|0x00000000c1900000, 0x00000000c1a00000, 0x00000000c1a00000|100%| O|  |TAMS 0x00000000c1900000| PB 0x00000000c1900000| Untracked 
|  26|0x00000000c1a00000, 0x00000000c1b00000, 0x00000000c1b00000|100%| O|  |TAMS 0x00000000c1a00000| PB 0x00000000c1a00000| Untracked 
|  27|0x00000000c1b00000, 0x00000000c1c00000, 0x00000000c1c00000|100%| O|  |TAMS 0x00000000c1b00000| PB 0x00000000c1b00000| Untracked 
|  28|0x00000000c1c00000, 0x00000000c1d00000, 0x00000000c1d00000|100%| O|  |TAMS 0x00000000c1c00000| PB 0x00000000c1c00000| Untracked 
|  29|0x00000000c1d00000, 0x00000000c1e00000, 0x00000000c1e00000|100%| O|  |TAMS 0x00000000c1d00000| PB 0x00000000c1d00000| Untracked 
|  30|0x00000000c1e00000, 0x00000000c1f00000, 0x00000000c1f00000|100%| O|  |TAMS 0x00000000c1e00000| PB 0x00000000c1e00000| Untracked 
|  31|0x00000000c1f00000, 0x00000000c2000000, 0x00000000c2000000|100%| O|  |TAMS 0x00000000c1f00000| PB 0x00000000c1f00000| Untracked 
|  32|0x00000000c2000000, 0x00000000c2100000, 0x00000000c2100000|100%| O|  |TAMS 0x00000000c2000000| PB 0x00000000c2000000| Untracked 
|  33|0x00000000c2100000, 0x00000000c2200000, 0x00000000c2200000|100%| O|  |TAMS 0x00000000c2100000| PB 0x00000000c2100000| Untracked 
|  34|0x00000000c2200000, 0x00000000c2300000, 0x00000000c2300000|100%| O|  |TAMS 0x00000000c2200000| PB 0x00000000c2200000| Untracked 
|  35|0x00000000c2300000, 0x00000000c2400000, 0x00000000c2400000|100%| O|  |TAMS 0x00000000c2300000| PB 0x00000000c2300000| Untracked 
|  36|0x00000000c2400000, 0x00000000c2500000, 0x00000000c2500000|100%| O|  |TAMS 0x00000000c2400000| PB 0x00000000c2400000| Untracked 
|  37|0x00000000c2500000, 0x00000000c25cd1e0, 0x00000000c2600000| 80%| O|  |TAMS 0x00000000c2500000| PB 0x00000000c2500000| Untracked 
|  38|0x00000000c2600000, 0x00000000c2600000, 0x00000000c2700000|  0%| F|  |TAMS 0x00000000c2600000| PB 0x00000000c2600000| Untracked 
|  39|0x00000000c2700000, 0x00000000c2700000, 0x00000000c2800000|  0%| F|  |TAMS 0x00000000c2700000| PB 0x00000000c2700000| Untracked 
|  40|0x00000000c2800000, 0x00000000c2800000, 0x00000000c2900000|  0%| F|  |TAMS 0x00000000c2800000| PB 0x00000000c2800000| Untracked 
|  41|0x00000000c2900000, 0x00000000c2900000, 0x00000000c2a00000|  0%| F|  |TAMS 0x00000000c2900000| PB 0x00000000c2900000| Untracked 
|  42|0x00000000c2a00000, 0x00000000c2a00000, 0x00000000c2b00000|  0%| F|  |TAMS 0x00000000c2a00000| PB 0x00000000c2a00000| Untracked 
|  43|0x00000000c2b00000, 0x00000000c2b00000, 0x00000000c2c00000|  0%| F|  |TAMS 0x00000000c2b00000| PB 0x00000000c2b00000| Untracked 
|  44|0x00000000c2c00000, 0x00000000c2c00000, 0x00000000c2d00000|  0%| F|  |TAMS 0x00000000c2c00000| PB 0x00000000c2c00000| Untracked 
|  45|0x00000000c2d00000, 0x00000000c2d00000, 0x00000000c2e00000|  0%| F|  |TAMS 0x00000000c2d00000| PB 0x00000000c2d00000| Untracked 
|  46|0x00000000c2e00000, 0x00000000c2e00000, 0x00000000c2f00000|  0%| F|  |TAMS 0x00000000c2e00000| PB 0x00000000c2e00000| Untracked 
|  47|0x00000000c2f00000, 0x00000000c2f00000, 0x00000000c3000000|  0%| F|  |TAMS 0x00000000c2f00000| PB 0x00000000c2f00000| Untracked 
|  48|0x00000000c3000000, 0x00000000c3000000, 0x00000000c3100000|  0%| F|  |TAMS 0x00000000c3000000| PB 0x00000000c3000000| Untracked 
|  49|0x00000000c3100000, 0x00000000c3100000, 0x00000000c3200000|  0%| F|  |TAMS 0x00000000c3100000| PB 0x00000000c3100000| Untracked 
|  50|0x00000000c3200000, 0x00000000c3200000, 0x00000000c3300000|  0%| F|  |TAMS 0x00000000c3200000| PB 0x00000000c3200000| Untracked 
|  51|0x00000000c3300000, 0x00000000c3300000, 0x00000000c3400000|  0%| F|  |TAMS 0x00000000c3300000| PB 0x00000000c3300000| Untracked 
|  52|0x00000000c3400000, 0x00000000c3400000, 0x00000000c3500000|  0%| F|  |TAMS 0x00000000c3400000| PB 0x00000000c3400000| Untracked 
|  53|0x00000000c3500000, 0x00000000c3500000, 0x00000000c3600000|  0%| F|  |TAMS 0x00000000c3500000| PB 0x00000000c3500000| Untracked 
|  54|0x00000000c3600000, 0x00000000c3600000, 0x00000000c3700000|  0%| F|  |TAMS 0x00000000c3600000| PB 0x00000000c3600000| Untracked 
|  55|0x00000000c3700000, 0x00000000c3700000, 0x00000000c3800000|  0%| F|  |TAMS 0x00000000c3700000| PB 0x00000000c3700000| Untracked 
|  56|0x00000000c3800000, 0x00000000c3800000, 0x00000000c3900000|  0%| F|  |TAMS 0x00000000c3800000| PB 0x00000000c3800000| Untracked 
|  57|0x00000000c3900000, 0x00000000c3900000, 0x00000000c3a00000|  0%| F|  |TAMS 0x00000000c3900000| PB 0x00000000c3900000| Untracked 
|  58|0x00000000c3a00000, 0x00000000c3a00000, 0x00000000c3b00000|  0%| F|  |TAMS 0x00000000c3a00000| PB 0x00000000c3a00000| Untracked 
|  59|0x00000000c3b00000, 0x00000000c3b00000, 0x00000000c3c00000|  0%| F|  |TAMS 0x00000000c3b00000| PB 0x00000000c3b00000| Untracked 
|  60|0x00000000c3c00000, 0x00000000c3c00000, 0x00000000c3d00000|  0%| F|  |TAMS 0x00000000c3c00000| PB 0x00000000c3c00000| Untracked 
|  61|0x00000000c3d00000, 0x00000000c3d00000, 0x00000000c3e00000|  0%| F|  |TAMS 0x00000000c3d00000| PB 0x00000000c3d00000| Untracked 
|  62|0x00000000c3e00000, 0x00000000c3e00000, 0x00000000c3f00000|  0%| F|  |TAMS 0x00000000c3e00000| PB 0x00000000c3e00000| Untracked 
|  63|0x00000000c3f00000, 0x00000000c3f00000, 0x00000000c4000000|  0%| F|  |TAMS 0x00000000c3f00000| PB 0x00000000c3f00000| Untracked 
|  64|0x00000000c4000000, 0x00000000c4000000, 0x00000000c4100000|  0%| F|  |TAMS 0x00000000c4000000| PB 0x00000000c4000000| Untracked 
|  65|0x00000000c4100000, 0x00000000c4100000, 0x00000000c4200000|  0%| F|  |TAMS 0x00000000c4100000| PB 0x00000000c4100000| Untracked 
|  66|0x00000000c4200000, 0x00000000c4200000, 0x00000000c4300000|  0%| F|  |TAMS 0x00000000c4200000| PB 0x00000000c4200000| Untracked 
|  67|0x00000000c4300000, 0x00000000c4300000, 0x00000000c4400000|  0%| F|  |TAMS 0x00000000c4300000| PB 0x00000000c4300000| Untracked 
|  68|0x00000000c4400000, 0x00000000c4400000, 0x00000000c4500000|  0%| F|  |TAMS 0x00000000c4400000| PB 0x00000000c4400000| Untracked 
|  69|0x00000000c4500000, 0x00000000c4500000, 0x00000000c4600000|  0%| F|  |TAMS 0x00000000c4500000| PB 0x00000000c4500000| Untracked 
|  70|0x00000000c4600000, 0x00000000c4600000, 0x00000000c4700000|  0%| F|  |TAMS 0x00000000c4600000| PB 0x00000000c4600000| Untracked 
|  71|0x00000000c4700000, 0x00000000c4700000, 0x00000000c4800000|  0%| F|  |TAMS 0x00000000c4700000| PB 0x00000000c4700000| Untracked 
|  72|0x00000000c4800000, 0x00000000c4800000, 0x00000000c4900000|  0%| F|  |TAMS 0x00000000c4800000| PB 0x00000000c4800000| Untracked 
|  73|0x00000000c4900000, 0x00000000c4900000, 0x00000000c4a00000|  0%| F|  |TAMS 0x00000000c4900000| PB 0x00000000c4900000| Untracked 
|  74|0x00000000c4a00000, 0x00000000c4a00000, 0x00000000c4b00000|  0%| F|  |TAMS 0x00000000c4a00000| PB 0x00000000c4a00000| Untracked 
|  75|0x00000000c4b00000, 0x00000000c4b00000, 0x00000000c4c00000|  0%| F|  |TAMS 0x00000000c4b00000| PB 0x00000000c4b00000| Untracked 
|  76|0x00000000c4c00000, 0x00000000c4c00000, 0x00000000c4d00000|  0%| F|  |TAMS 0x00000000c4c00000| PB 0x00000000c4c00000| Untracked 
|  77|0x00000000c4d00000, 0x00000000c4d00000, 0x00000000c4e00000|  0%| F|  |TAMS 0x00000000c4d00000| PB 0x00000000c4d00000| Untracked 
|  78|0x00000000c4e00000, 0x00000000c4e00000, 0x00000000c4f00000|  0%| F|  |TAMS 0x00000000c4e00000| PB 0x00000000c4e00000| Untracked 
|  79|0x00000000c4f00000, 0x00000000c4f00000, 0x00000000c5000000|  0%| F|  |TAMS 0x00000000c4f00000| PB 0x00000000c4f00000| Untracked 
|  80|0x00000000c5000000, 0x00000000c5000000, 0x00000000c5100000|  0%| F|  |TAMS 0x00000000c5000000| PB 0x00000000c5000000| Untracked 
|  81|0x00000000c5100000, 0x00000000c5100000, 0x00000000c5200000|  0%| F|  |TAMS 0x00000000c5100000| PB 0x00000000c5100000| Untracked 
|  82|0x00000000c5200000, 0x00000000c5200000, 0x00000000c5300000|  0%| F|  |TAMS 0x00000000c5200000| PB 0x00000000c5200000| Untracked 
|  83|0x00000000c5300000, 0x00000000c5300000, 0x00000000c5400000|  0%| F|  |TAMS 0x00000000c5300000| PB 0x00000000c5300000| Untracked 
|  84|0x00000000c5400000, 0x00000000c5400000, 0x00000000c5500000|  0%| F|  |TAMS 0x00000000c5400000| PB 0x00000000c5400000| Untracked 
|  85|0x00000000c5500000, 0x00000000c5500000, 0x00000000c5600000|  0%| F|  |TAMS 0x00000000c5500000| PB 0x00000000c5500000| Untracked 
|  86|0x00000000c5600000, 0x00000000c5600000, 0x00000000c5700000|  0%| F|  |TAMS 0x00000000c5600000| PB 0x00000000c5600000| Untracked 
|  87|0x00000000c5700000, 0x00000000c5700000, 0x00000000c5800000|  0%| F|  |TAMS 0x00000000c5700000| PB 0x00000000c5700000| Untracked 
|  88|0x00000000c5800000, 0x00000000c5800000, 0x00000000c5900000|  0%| F|  |TAMS 0x00000000c5800000| PB 0x00000000c5800000| Untracked 
|  89|0x00000000c5900000, 0x00000000c5900000, 0x00000000c5a00000|  0%| F|  |TAMS 0x00000000c5900000| PB 0x00000000c5900000| Untracked 
|  90|0x00000000c5a00000, 0x00000000c5a00000, 0x00000000c5b00000|  0%| F|  |TAMS 0x00000000c5a00000| PB 0x00000000c5a00000| Untracked 
|  91|0x00000000c5b00000, 0x00000000c5b00000, 0x00000000c5c00000|  0%| F|  |TAMS 0x00000000c5b00000| PB 0x00000000c5b00000| Untracked 
|  92|0x00000000c5c00000, 0x00000000c5c00000, 0x00000000c5d00000|  0%| F|  |TAMS 0x00000000c5c00000| PB 0x00000000c5c00000| Untracked 
|  93|0x00000000c5d00000, 0x00000000c5d00000, 0x00000000c5e00000|  0%| F|  |TAMS 0x00000000c5d00000| PB 0x00000000c5d00000| Untracked 
|  94|0x00000000c5e00000, 0x00000000c5e00000, 0x00000000c5f00000|  0%| F|  |TAMS 0x00000000c5e00000| PB 0x00000000c5e00000| Untracked 
|  95|0x00000000c5f00000, 0x00000000c5f00000, 0x00000000c6000000|  0%| F|  |TAMS 0x00000000c5f00000| PB 0x00000000c5f00000| Untracked 
|  96|0x00000000c6000000, 0x00000000c6000000, 0x00000000c6100000|  0%| F|  |TAMS 0x00000000c6000000| PB 0x00000000c6000000| Untracked 
|  97|0x00000000c6100000, 0x00000000c6100000, 0x00000000c6200000|  0%| F|  |TAMS 0x00000000c6100000| PB 0x00000000c6100000| Untracked 
|  98|0x00000000c6200000, 0x00000000c6200000, 0x00000000c6300000|  0%| F|  |TAMS 0x00000000c6200000| PB 0x00000000c6200000| Untracked 
|  99|0x00000000c6300000, 0x00000000c6300000, 0x00000000c6400000|  0%| F|  |TAMS 0x00000000c6300000| PB 0x00000000c6300000| Untracked 
| 100|0x00000000c6400000, 0x00000000c6400000, 0x00000000c6500000|  0%| F|  |TAMS 0x00000000c6400000| PB 0x00000000c6400000| Untracked 
| 101|0x00000000c6500000, 0x00000000c6500000, 0x00000000c6600000|  0%| F|  |TAMS 0x00000000c6500000| PB 0x00000000c6500000| Untracked 
| 102|0x00000000c6600000, 0x00000000c6600000, 0x00000000c6700000|  0%| F|  |TAMS 0x00000000c6600000| PB 0x00000000c6600000| Untracked 
| 103|0x00000000c6700000, 0x00000000c6700000, 0x00000000c6800000|  0%| F|  |TAMS 0x00000000c6700000| PB 0x00000000c6700000| Untracked 
| 104|0x00000000c6800000, 0x00000000c6800000, 0x00000000c6900000|  0%| F|  |TAMS 0x00000000c6800000| PB 0x00000000c6800000| Untracked 
| 105|0x00000000c6900000, 0x00000000c6900000, 0x00000000c6a00000|  0%| F|  |TAMS 0x00000000c6900000| PB 0x00000000c6900000| Untracked 
| 106|0x00000000c6a00000, 0x00000000c6a00000, 0x00000000c6b00000|  0%| F|  |TAMS 0x00000000c6a00000| PB 0x00000000c6a00000| Untracked 
| 107|0x00000000c6b00000, 0x00000000c6b00000, 0x00000000c6c00000|  0%| F|  |TAMS 0x00000000c6b00000| PB 0x00000000c6b00000| Untracked 
| 108|0x00000000c6c00000, 0x00000000c6c00000, 0x00000000c6d00000|  0%| F|  |TAMS 0x00000000c6c00000| PB 0x00000000c6c00000| Untracked 
| 109|0x00000000c6d00000, 0x00000000c6d00000, 0x00000000c6e00000|  0%| F|  |TAMS 0x00000000c6d00000| PB 0x00000000c6d00000| Untracked 
| 110|0x00000000c6e00000, 0x00000000c6e00000, 0x00000000c6f00000|  0%| F|  |TAMS 0x00000000c6e00000| PB 0x00000000c6e00000| Untracked 
| 111|0x00000000c6f00000, 0x00000000c6f00000, 0x00000000c7000000|  0%| F|  |TAMS 0x00000000c6f00000| PB 0x00000000c6f00000| Untracked 
| 112|0x00000000c7000000, 0x00000000c7000000, 0x00000000c7100000|  0%| F|  |TAMS 0x00000000c7000000| PB 0x00000000c7000000| Untracked 
| 113|0x00000000c7100000, 0x00000000c7100000, 0x00000000c7200000|  0%| F|  |TAMS 0x00000000c7100000| PB 0x00000000c7100000| Untracked 
| 114|0x00000000c7200000, 0x00000000c7200000, 0x00000000c7300000|  0%| F|  |TAMS 0x00000000c7200000| PB 0x00000000c7200000| Untracked 
| 115|0x00000000c7300000, 0x00000000c7300000, 0x00000000c7400000|  0%| F|  |TAMS 0x00000000c7300000| PB 0x00000000c7300000| Untracked 
| 116|0x00000000c7400000, 0x00000000c7400000, 0x00000000c7500000|  0%| F|  |TAMS 0x00000000c7400000| PB 0x00000000c7400000| Untracked 
| 117|0x00000000c7500000, 0x00000000c7500000, 0x00000000c7600000|  0%| F|  |TAMS 0x00000000c7500000| PB 0x00000000c7500000| Untracked 
| 118|0x00000000c7600000, 0x00000000c7600000, 0x00000000c7700000|  0%| F|  |TAMS 0x00000000c7600000| PB 0x00000000c7600000| Untracked 
| 119|0x00000000c7700000, 0x00000000c7700000, 0x00000000c7800000|  0%| F|  |TAMS 0x00000000c7700000| PB 0x00000000c7700000| Untracked 
| 120|0x00000000c7800000, 0x00000000c7800000, 0x00000000c7900000|  0%| F|  |TAMS 0x00000000c7800000| PB 0x00000000c7800000| Untracked 
| 121|0x00000000c7900000, 0x00000000c7900000, 0x00000000c7a00000|  0%| F|  |TAMS 0x00000000c7900000| PB 0x00000000c7900000| Untracked 
| 122|0x00000000c7a00000, 0x00000000c7a00000, 0x00000000c7b00000|  0%| F|  |TAMS 0x00000000c7a00000| PB 0x00000000c7a00000| Untracked 
| 123|0x00000000c7b00000, 0x00000000c7b00000, 0x00000000c7c00000|  0%| F|  |TAMS 0x00000000c7b00000| PB 0x00000000c7b00000| Untracked 
| 124|0x00000000c7c00000, 0x00000000c7c00000, 0x00000000c7d00000|  0%| F|  |TAMS 0x00000000c7c00000| PB 0x00000000c7c00000| Untracked 
| 125|0x00000000c7d00000, 0x00000000c7d00000, 0x00000000c7e00000|  0%| F|  |TAMS 0x00000000c7d00000| PB 0x00000000c7d00000| Untracked 
| 126|0x00000000c7e00000, 0x00000000c7e00000, 0x00000000c7f00000|  0%| F|  |TAMS 0x00000000c7e00000| PB 0x00000000c7e00000| Untracked 
| 127|0x00000000c7f00000, 0x00000000c7f00000, 0x00000000c8000000|  0%| F|  |TAMS 0x00000000c7f00000| PB 0x00000000c7f00000| Untracked 
| 128|0x00000000c8000000, 0x00000000c8000000, 0x00000000c8100000|  0%| F|  |TAMS 0x00000000c8000000| PB 0x00000000c8000000| Untracked 
| 129|0x00000000c8100000, 0x00000000c8100000, 0x00000000c8200000|  0%| F|  |TAMS 0x00000000c8100000| PB 0x00000000c8100000| Untracked 
| 130|0x00000000c8200000, 0x00000000c8200000, 0x00000000c8300000|  0%| F|  |TAMS 0x00000000c8200000| PB 0x00000000c8200000| Untracked 
| 131|0x00000000c8300000, 0x00000000c8300000, 0x00000000c8400000|  0%| F|  |TAMS 0x00000000c8300000| PB 0x00000000c8300000| Untracked 
| 132|0x00000000c8400000, 0x00000000c8400000, 0x00000000c8500000|  0%| F|  |TAMS 0x00000000c8400000| PB 0x00000000c8400000| Untracked 
| 133|0x00000000c8500000, 0x00000000c8500000, 0x00000000c8600000|  0%| F|  |TAMS 0x00000000c8500000| PB 0x00000000c8500000| Untracked 
| 134|0x00000000c8600000, 0x00000000c8600000, 0x00000000c8700000|  0%| F|  |TAMS 0x00000000c8600000| PB 0x00000000c8600000| Untracked 
| 135|0x00000000c8700000, 0x00000000c8700000, 0x00000000c8800000|  0%| F|  |TAMS 0x00000000c8700000| PB 0x00000000c8700000| Untracked 
| 136|0x00000000c8800000, 0x00000000c8800000, 0x00000000c8900000|  0%| F|  |TAMS 0x00000000c8800000| PB 0x00000000c8800000| Untracked 
| 137|0x00000000c8900000, 0x00000000c8900000, 0x00000000c8a00000|  0%| F|  |TAMS 0x00000000c8900000| PB 0x00000000c8900000| Untracked 
| 138|0x00000000c8a00000, 0x00000000c8a00000, 0x00000000c8b00000|  0%| F|  |TAMS 0x00000000c8a00000| PB 0x00000000c8a00000| Untracked 
| 139|0x00000000c8b00000, 0x00000000c8b00000, 0x00000000c8c00000|  0%| F|  |TAMS 0x00000000c8b00000| PB 0x00000000c8b00000| Untracked 
| 140|0x00000000c8c00000, 0x00000000c8c00000, 0x00000000c8d00000|  0%| F|  |TAMS 0x00000000c8c00000| PB 0x00000000c8c00000| Untracked 
| 141|0x00000000c8d00000, 0x00000000c8d00000, 0x00000000c8e00000|  0%| F|  |TAMS 0x00000000c8d00000| PB 0x00000000c8d00000| Untracked 
| 142|0x00000000c8e00000, 0x00000000c8e00000, 0x00000000c8f00000|  0%| F|  |TAMS 0x00000000c8e00000| PB 0x00000000c8e00000| Untracked 
| 143|0x00000000c8f00000, 0x00000000c8f00000, 0x00000000c9000000|  0%| F|  |TAMS 0x00000000c8f00000| PB 0x00000000c8f00000| Untracked 
| 144|0x00000000c9000000, 0x00000000c9000000, 0x00000000c9100000|  0%| F|  |TAMS 0x00000000c9000000| PB 0x00000000c9000000| Untracked 
| 145|0x00000000c9100000, 0x00000000c9100000, 0x00000000c9200000|  0%| F|  |TAMS 0x00000000c9100000| PB 0x00000000c9100000| Untracked 
| 146|0x00000000c9200000, 0x00000000c9200000, 0x00000000c9300000|  0%| F|  |TAMS 0x00000000c9200000| PB 0x00000000c9200000| Untracked 
| 147|0x00000000c9300000, 0x00000000c9300000, 0x00000000c9400000|  0%| F|  |TAMS 0x00000000c9300000| PB 0x00000000c9300000| Untracked 
| 148|0x00000000c9400000, 0x00000000c9400000, 0x00000000c9500000|  0%| F|  |TAMS 0x00000000c9400000| PB 0x00000000c9400000| Untracked 
| 149|0x00000000c9500000, 0x00000000c9500000, 0x00000000c9600000|  0%| F|  |TAMS 0x00000000c9500000| PB 0x00000000c9500000| Untracked 
| 150|0x00000000c9600000, 0x00000000c9600000, 0x00000000c9700000|  0%| F|  |TAMS 0x00000000c9600000| PB 0x00000000c9600000| Untracked 
| 151|0x00000000c9700000, 0x00000000c9700000, 0x00000000c9800000|  0%| F|  |TAMS 0x00000000c9700000| PB 0x00000000c9700000| Untracked 
| 152|0x00000000c9800000, 0x00000000c9800000, 0x00000000c9900000|  0%| F|  |TAMS 0x00000000c9800000| PB 0x00000000c9800000| Untracked 
| 153|0x00000000c9900000, 0x00000000c9900000, 0x00000000c9a00000|  0%| F|  |TAMS 0x00000000c9900000| PB 0x00000000c9900000| Untracked 
| 154|0x00000000c9a00000, 0x00000000c9a00000, 0x00000000c9b00000|  0%| F|  |TAMS 0x00000000c9a00000| PB 0x00000000c9a00000| Untracked 
| 155|0x00000000c9b00000, 0x00000000c9b00000, 0x00000000c9c00000|  0%| F|  |TAMS 0x00000000c9b00000| PB 0x00000000c9b00000| Untracked 
| 156|0x00000000c9c00000, 0x00000000c9c00000, 0x00000000c9d00000|  0%| F|  |TAMS 0x00000000c9c00000| PB 0x00000000c9c00000| Untracked 
| 157|0x00000000c9d00000, 0x00000000c9d00000, 0x00000000c9e00000|  0%| F|  |TAMS 0x00000000c9d00000| PB 0x00000000c9d00000| Untracked 
| 158|0x00000000c9e00000, 0x00000000c9e00000, 0x00000000c9f00000|  0%| F|  |TAMS 0x00000000c9e00000| PB 0x00000000c9e00000| Untracked 
| 159|0x00000000c9f00000, 0x00000000c9f00000, 0x00000000ca000000|  0%| F|  |TAMS 0x00000000c9f00000| PB 0x00000000c9f00000| Untracked 
| 160|0x00000000ca000000, 0x00000000ca000000, 0x00000000ca100000|  0%| F|  |TAMS 0x00000000ca000000| PB 0x00000000ca000000| Untracked 
| 161|0x00000000ca100000, 0x00000000ca100000, 0x00000000ca200000|  0%| F|  |TAMS 0x00000000ca100000| PB 0x00000000ca100000| Untracked 
| 162|0x00000000ca200000, 0x00000000ca200000, 0x00000000ca300000|  0%| F|  |TAMS 0x00000000ca200000| PB 0x00000000ca200000| Untracked 
| 163|0x00000000ca300000, 0x00000000ca300000, 0x00000000ca400000|  0%| F|  |TAMS 0x00000000ca300000| PB 0x00000000ca300000| Untracked 
| 164|0x00000000ca400000, 0x00000000ca400000, 0x00000000ca500000|  0%| F|  |TAMS 0x00000000ca400000| PB 0x00000000ca400000| Untracked 
| 165|0x00000000ca500000, 0x00000000ca500000, 0x00000000ca600000|  0%| F|  |TAMS 0x00000000ca500000| PB 0x00000000ca500000| Untracked 
| 166|0x00000000ca600000, 0x00000000ca600000, 0x00000000ca700000|  0%| F|  |TAMS 0x00000000ca600000| PB 0x00000000ca600000| Untracked 
| 167|0x00000000ca700000, 0x00000000ca700000, 0x00000000ca800000|  0%| F|  |TAMS 0x00000000ca700000| PB 0x00000000ca700000| Untracked 
| 168|0x00000000ca800000, 0x00000000ca800000, 0x00000000ca900000|  0%| F|  |TAMS 0x00000000ca800000| PB 0x00000000ca800000| Untracked 
| 169|0x00000000ca900000, 0x00000000ca900000, 0x00000000caa00000|  0%| F|  |TAMS 0x00000000ca900000| PB 0x00000000ca900000| Untracked 
| 170|0x00000000caa00000, 0x00000000caa00000, 0x00000000cab00000|  0%| F|  |TAMS 0x00000000caa00000| PB 0x00000000caa00000| Untracked 
| 171|0x00000000cab00000, 0x00000000cab00000, 0x00000000cac00000|  0%| F|  |TAMS 0x00000000cab00000| PB 0x00000000cab00000| Untracked 
| 172|0x00000000cac00000, 0x00000000cac00000, 0x00000000cad00000|  0%| F|  |TAMS 0x00000000cac00000| PB 0x00000000cac00000| Untracked 
| 173|0x00000000cad00000, 0x00000000cad00000, 0x00000000cae00000|  0%| F|  |TAMS 0x00000000cad00000| PB 0x00000000cad00000| Untracked 
| 174|0x00000000cae00000, 0x00000000cae00000, 0x00000000caf00000|  0%| F|  |TAMS 0x00000000cae00000| PB 0x00000000cae00000| Untracked 
| 175|0x00000000caf00000, 0x00000000caf00000, 0x00000000cb000000|  0%| F|  |TAMS 0x00000000caf00000| PB 0x00000000caf00000| Untracked 
| 176|0x00000000cb000000, 0x00000000cb000000, 0x00000000cb100000|  0%| F|  |TAMS 0x00000000cb000000| PB 0x00000000cb000000| Untracked 
| 177|0x00000000cb100000, 0x00000000cb100000, 0x00000000cb200000|  0%| F|  |TAMS 0x00000000cb100000| PB 0x00000000cb100000| Untracked 
| 178|0x00000000cb200000, 0x00000000cb200000, 0x00000000cb300000|  0%| F|  |TAMS 0x00000000cb200000| PB 0x00000000cb200000| Untracked 
| 179|0x00000000cb300000, 0x00000000cb300000, 0x00000000cb400000|  0%| F|  |TAMS 0x00000000cb300000| PB 0x00000000cb300000| Untracked 
| 180|0x00000000cb400000, 0x00000000cb400000, 0x00000000cb500000|  0%| F|  |TAMS 0x00000000cb400000| PB 0x00000000cb400000| Untracked 
| 181|0x00000000cb500000, 0x00000000cb500000, 0x00000000cb600000|  0%| F|  |TAMS 0x00000000cb500000| PB 0x00000000cb500000| Untracked 
| 182|0x00000000cb600000, 0x00000000cb600000, 0x00000000cb700000|  0%| F|  |TAMS 0x00000000cb600000| PB 0x00000000cb600000| Untracked 
| 183|0x00000000cb700000, 0x00000000cb700000, 0x00000000cb800000|  0%| F|  |TAMS 0x00000000cb700000| PB 0x00000000cb700000| Untracked 
| 184|0x00000000cb800000, 0x00000000cb800000, 0x00000000cb900000|  0%| F|  |TAMS 0x00000000cb800000| PB 0x00000000cb800000| Untracked 
| 185|0x00000000cb900000, 0x00000000cb900000, 0x00000000cba00000|  0%| F|  |TAMS 0x00000000cb900000| PB 0x00000000cb900000| Untracked 
| 186|0x00000000cba00000, 0x00000000cba00000, 0x00000000cbb00000|  0%| F|  |TAMS 0x00000000cba00000| PB 0x00000000cba00000| Untracked 
| 187|0x00000000cbb00000, 0x00000000cbb00000, 0x00000000cbc00000|  0%| F|  |TAMS 0x00000000cbb00000| PB 0x00000000cbb00000| Untracked 
| 188|0x00000000cbc00000, 0x00000000cbc00000, 0x00000000cbd00000|  0%| F|  |TAMS 0x00000000cbc00000| PB 0x00000000cbc00000| Untracked 
| 189|0x00000000cbd00000, 0x00000000cbd00000, 0x00000000cbe00000|  0%| F|  |TAMS 0x00000000cbd00000| PB 0x00000000cbd00000| Untracked 
| 190|0x00000000cbe00000, 0x00000000cbe00000, 0x00000000cbf00000|  0%| F|  |TAMS 0x00000000cbe00000| PB 0x00000000cbe00000| Untracked 
| 191|0x00000000cbf00000, 0x00000000cbf00000, 0x00000000cc000000|  0%| F|  |TAMS 0x00000000cbf00000| PB 0x00000000cbf00000| Untracked 
| 192|0x00000000cc000000, 0x00000000cc000000, 0x00000000cc100000|  0%| F|  |TAMS 0x00000000cc000000| PB 0x00000000cc000000| Untracked 
| 193|0x00000000cc100000, 0x00000000cc100000, 0x00000000cc200000|  0%| F|  |TAMS 0x00000000cc100000| PB 0x00000000cc100000| Untracked 
| 194|0x00000000cc200000, 0x00000000cc200000, 0x00000000cc300000|  0%| F|  |TAMS 0x00000000cc200000| PB 0x00000000cc200000| Untracked 
| 195|0x00000000cc300000, 0x00000000cc300000, 0x00000000cc400000|  0%| F|  |TAMS 0x00000000cc300000| PB 0x00000000cc300000| Untracked 
| 196|0x00000000cc400000, 0x00000000cc400000, 0x00000000cc500000|  0%| F|  |TAMS 0x00000000cc400000| PB 0x00000000cc400000| Untracked 
| 197|0x00000000cc500000, 0x00000000cc500000, 0x00000000cc600000|  0%| F|  |TAMS 0x00000000cc500000| PB 0x00000000cc500000| Untracked 
| 198|0x00000000cc600000, 0x00000000cc600000, 0x00000000cc700000|  0%| F|  |TAMS 0x00000000cc600000| PB 0x00000000cc600000| Untracked 
| 199|0x00000000cc700000, 0x00000000cc700000, 0x00000000cc800000|  0%| F|  |TAMS 0x00000000cc700000| PB 0x00000000cc700000| Untracked 
| 200|0x00000000cc800000, 0x00000000cc800000, 0x00000000cc900000|  0%| F|  |TAMS 0x00000000cc800000| PB 0x00000000cc800000| Untracked 
| 201|0x00000000cc900000, 0x00000000cc900000, 0x00000000cca00000|  0%| F|  |TAMS 0x00000000cc900000| PB 0x00000000cc900000| Untracked 
| 202|0x00000000cca00000, 0x00000000cca00000, 0x00000000ccb00000|  0%| F|  |TAMS 0x00000000cca00000| PB 0x00000000cca00000| Untracked 
| 203|0x00000000ccb00000, 0x00000000ccb00000, 0x00000000ccc00000|  0%| F|  |TAMS 0x00000000ccb00000| PB 0x00000000ccb00000| Untracked 
| 204|0x00000000ccc00000, 0x00000000ccc00000, 0x00000000ccd00000|  0%| F|  |TAMS 0x00000000ccc00000| PB 0x00000000ccc00000| Untracked 
| 205|0x00000000ccd00000, 0x00000000ccd00000, 0x00000000cce00000|  0%| F|  |TAMS 0x00000000ccd00000| PB 0x00000000ccd00000| Untracked 
| 206|0x00000000cce00000, 0x00000000cce00000, 0x00000000ccf00000|  0%| F|  |TAMS 0x00000000cce00000| PB 0x00000000cce00000| Untracked 
| 207|0x00000000ccf00000, 0x00000000ccf00000, 0x00000000cd000000|  0%| F|  |TAMS 0x00000000ccf00000| PB 0x00000000ccf00000| Untracked 
| 208|0x00000000cd000000, 0x00000000cd000000, 0x00000000cd100000|  0%| F|  |TAMS 0x00000000cd000000| PB 0x00000000cd000000| Untracked 
| 209|0x00000000cd100000, 0x00000000cd100000, 0x00000000cd200000|  0%| F|  |TAMS 0x00000000cd100000| PB 0x00000000cd100000| Untracked 
| 210|0x00000000cd200000, 0x00000000cd200000, 0x00000000cd300000|  0%| F|  |TAMS 0x00000000cd200000| PB 0x00000000cd200000| Untracked 
| 211|0x00000000cd300000, 0x00000000cd300000, 0x00000000cd400000|  0%| F|  |TAMS 0x00000000cd300000| PB 0x00000000cd300000| Untracked 
| 212|0x00000000cd400000, 0x00000000cd400000, 0x00000000cd500000|  0%| F|  |TAMS 0x00000000cd400000| PB 0x00000000cd400000| Untracked 
| 213|0x00000000cd500000, 0x00000000cd500000, 0x00000000cd600000|  0%| F|  |TAMS 0x00000000cd500000| PB 0x00000000cd500000| Untracked 
| 214|0x00000000cd600000, 0x00000000cd600000, 0x00000000cd700000|  0%| F|  |TAMS 0x00000000cd600000| PB 0x00000000cd600000| Untracked 
| 215|0x00000000cd700000, 0x00000000cd700000, 0x00000000cd800000|  0%| F|  |TAMS 0x00000000cd700000| PB 0x00000000cd700000| Untracked 
| 216|0x00000000cd800000, 0x00000000cd800000, 0x00000000cd900000|  0%| F|  |TAMS 0x00000000cd800000| PB 0x00000000cd800000| Untracked 
| 217|0x00000000cd900000, 0x00000000cd900000, 0x00000000cda00000|  0%| F|  |TAMS 0x00000000cd900000| PB 0x00000000cd900000| Untracked 
| 218|0x00000000cda00000, 0x00000000cda00000, 0x00000000cdb00000|  0%| F|  |TAMS 0x00000000cda00000| PB 0x00000000cda00000| Untracked 
| 219|0x00000000cdb00000, 0x00000000cdb00000, 0x00000000cdc00000|  0%| F|  |TAMS 0x00000000cdb00000| PB 0x00000000cdb00000| Untracked 
| 220|0x00000000cdc00000, 0x00000000cdc00000, 0x00000000cdd00000|  0%| F|  |TAMS 0x00000000cdc00000| PB 0x00000000cdc00000| Untracked 
| 221|0x00000000cdd00000, 0x00000000cdd00000, 0x00000000cde00000|  0%| F|  |TAMS 0x00000000cdd00000| PB 0x00000000cdd00000| Untracked 
| 222|0x00000000cde00000, 0x00000000cde00000, 0x00000000cdf00000|  0%| F|  |TAMS 0x00000000cde00000| PB 0x00000000cde00000| Untracked 
| 223|0x00000000cdf00000, 0x00000000cdf00000, 0x00000000ce000000|  0%| F|  |TAMS 0x00000000cdf00000| PB 0x00000000cdf00000| Untracked 
| 224|0x00000000ce000000, 0x00000000ce000000, 0x00000000ce100000|  0%| F|  |TAMS 0x00000000ce000000| PB 0x00000000ce000000| Untracked 
| 225|0x00000000ce100000, 0x00000000ce100000, 0x00000000ce200000|  0%| F|  |TAMS 0x00000000ce100000| PB 0x00000000ce100000| Untracked 
| 226|0x00000000ce200000, 0x00000000ce200000, 0x00000000ce300000|  0%| F|  |TAMS 0x00000000ce200000| PB 0x00000000ce200000| Untracked 
| 227|0x00000000ce300000, 0x00000000ce300000, 0x00000000ce400000|  0%| F|  |TAMS 0x00000000ce300000| PB 0x00000000ce300000| Untracked 
| 228|0x00000000ce400000, 0x00000000ce400000, 0x00000000ce500000|  0%| F|  |TAMS 0x00000000ce400000| PB 0x00000000ce400000| Untracked 
| 229|0x00000000ce500000, 0x00000000ce500000, 0x00000000ce600000|  0%| F|  |TAMS 0x00000000ce500000| PB 0x00000000ce500000| Untracked 
| 230|0x00000000ce600000, 0x00000000ce600000, 0x00000000ce700000|  0%| F|  |TAMS 0x00000000ce600000| PB 0x00000000ce600000| Untracked 
| 231|0x00000000ce700000, 0x00000000ce700000, 0x00000000ce800000|  0%| F|  |TAMS 0x00000000ce700000| PB 0x00000000ce700000| Untracked 
| 232|0x00000000ce800000, 0x00000000ce800000, 0x00000000ce900000|  0%| F|  |TAMS 0x00000000ce800000| PB 0x00000000ce800000| Untracked 
| 233|0x00000000ce900000, 0x00000000ce900000, 0x00000000cea00000|  0%| F|  |TAMS 0x00000000ce900000| PB 0x00000000ce900000| Untracked 
| 234|0x00000000cea00000, 0x00000000cea00000, 0x00000000ceb00000|  0%| F|  |TAMS 0x00000000cea00000| PB 0x00000000cea00000| Untracked 
| 235|0x00000000ceb00000, 0x00000000ceb00000, 0x00000000cec00000|  0%| F|  |TAMS 0x00000000ceb00000| PB 0x00000000ceb00000| Untracked 
| 236|0x00000000cec00000, 0x00000000cec00000, 0x00000000ced00000|  0%| F|  |TAMS 0x00000000cec00000| PB 0x00000000cec00000| Untracked 
| 237|0x00000000ced00000, 0x00000000ced00000, 0x00000000cee00000|  0%| F|  |TAMS 0x00000000ced00000| PB 0x00000000ced00000| Untracked 
| 238|0x00000000cee00000, 0x00000000cee00000, 0x00000000cef00000|  0%| F|  |TAMS 0x00000000cee00000| PB 0x00000000cee00000| Untracked 
| 239|0x00000000cef00000, 0x00000000cef00000, 0x00000000cf000000|  0%| F|  |TAMS 0x00000000cef00000| PB 0x00000000cef00000| Untracked 
| 240|0x00000000cf000000, 0x00000000cf000000, 0x00000000cf100000|  0%| F|  |TAMS 0x00000000cf000000| PB 0x00000000cf000000| Untracked 
| 241|0x00000000cf100000, 0x00000000cf100000, 0x00000000cf200000|  0%| F|  |TAMS 0x00000000cf100000| PB 0x00000000cf100000| Untracked 
| 242|0x00000000cf200000, 0x00000000cf200000, 0x00000000cf300000|  0%| F|  |TAMS 0x00000000cf200000| PB 0x00000000cf200000| Untracked 
| 243|0x00000000cf300000, 0x00000000cf300000, 0x00000000cf400000|  0%| F|  |TAMS 0x00000000cf300000| PB 0x00000000cf300000| Untracked 
| 244|0x00000000cf400000, 0x00000000cf400000, 0x00000000cf500000|  0%| F|  |TAMS 0x00000000cf400000| PB 0x00000000cf400000| Untracked 
| 245|0x00000000cf500000, 0x00000000cf500000, 0x00000000cf600000|  0%| F|  |TAMS 0x00000000cf500000| PB 0x00000000cf500000| Untracked 
| 246|0x00000000cf600000, 0x00000000cf6f7480, 0x00000000cf700000| 96%| E|  |TAMS 0x00000000cf600000| PB 0x00000000cf600000| Complete 
| 247|0x00000000cf700000, 0x00000000cf800000, 0x00000000cf800000|100%| E|CS|TAMS 0x00000000cf700000| PB 0x00000000cf700000| Complete 
| 248|0x00000000cf800000, 0x00000000cf900000, 0x00000000cf900000|100%| E|CS|TAMS 0x00000000cf800000| PB 0x00000000cf800000| Complete 
| 249|0x00000000cf900000, 0x00000000cfa00000, 0x00000000cfa00000|100%| E|CS|TAMS 0x00000000cf900000| PB 0x00000000cf900000| Complete 
| 250|0x00000000cfa00000, 0x00000000cfb00000, 0x00000000cfb00000|100%| E|CS|TAMS 0x00000000cfa00000| PB 0x00000000cfa00000| Complete 
| 251|0x00000000cfb00000, 0x00000000cfbbfe50, 0x00000000cfc00000| 74%| S|CS|TAMS 0x00000000cfb00000| PB 0x00000000cfb00000| Complete 
| 252|0x00000000cfc00000, 0x00000000cfd00000, 0x00000000cfd00000|100%| E|CS|TAMS 0x00000000cfc00000| PB 0x00000000cfc00000| Complete 
| 253|0x00000000cfd00000, 0x00000000cfe00000, 0x00000000cfe00000|100%| E|CS|TAMS 0x00000000cfd00000| PB 0x00000000cfd00000| Complete 
| 254|0x00000000cfe00000, 0x00000000cff00000, 0x00000000cff00000|100%| E|CS|TAMS 0x00000000cfe00000| PB 0x00000000cfe00000| Complete 
| 255|0x00000000cff00000, 0x00000000d0000000, 0x00000000d0000000|100%| E|CS|TAMS 0x00000000cff00000| PB 0x00000000cff00000| Complete 

Card table byte_map: [0x0000018772100000,0x0000018772300000] _byte_map_base: 0x0000018771b00000

Marking Bits: (CMBitMap*) 0x000001876870b9d0
 Bits: [0x0000018772300000, 0x0000018773300000)

Polling page: 0x0000018765fd0000

Metaspace:

Usage:
  Non-class:     54.84 MB used.
      Class:      7.04 MB used.
       Both:     61.88 MB used.

Virtual space:
  Non-class space:       64.00 MB reserved,      55.75 MB ( 87%) committed,  1 nodes.
      Class space:        1.00 GB reserved,       7.62 MB ( <1%) committed,  1 nodes.
             Both:        1.06 GB reserved,      63.38 MB (  6%) committed. 

Chunk freelists:
   Non-Class:  7.95 MB
       Class:  8.20 MB
        Both:  16.16 MB

MaxMetaspaceSize: unlimited
CompressedClassSpaceSize: 1.00 GB
Initial GC threshold: 21.00 MB
Current GC threshold: 101.19 MB
CDS: off
 - commit_granule_bytes: 65536.
 - commit_granule_words: 8192.
 - virtual_space_node_default_size: 8388608.
 - enlarge_chunks_in_place: 1.
 - use_allocation_guard: 0.


Internal statistics:

num_allocs_failed_limit: 21.
num_arena_births: 1022.
num_arena_deaths: 0.
num_vsnodes_births: 2.
num_vsnodes_deaths: 0.
num_space_committed: 1014.
num_space_uncommitted: 0.
num_chunks_returned_to_freelist: 21.
num_chunks_taken_from_freelist: 3467.
num_chunk_merges: 18.
num_chunk_splits: 2162.
num_chunks_enlarged: 1259.
num_inconsistent_stats: 0.

CodeHeap 'non-profiled nmethods': size=120000Kb used=4272Kb max_used=4297Kb free=115727Kb
 bounds [0x0000018707ad0000, 0x0000018707f30000, 0x000001870f000000]
CodeHeap 'profiled nmethods': size=120000Kb used=14616Kb max_used=15164Kb free=105383Kb
 bounds [0x0000018700000000, 0x0000018700ed0000, 0x0000018707530000]
CodeHeap 'non-nmethods': size=5760Kb used=1780Kb max_used=1897Kb free=3979Kb
 bounds [0x0000018707530000, 0x00000187077a0000, 0x0000018707ad0000]
CodeCache: size=245760Kb, used=20668Kb, max_used=21358Kb, free=225089Kb
 total_blobs=7735, nmethods=6816, adapters=822, full_count=0
Compilation: enabled, stopped_count=0, restarted_count=0

Compilation events (20 events):
Event: 49.109 Thread 0x000001877a116890 7447       3       java.util.TreeMap$Values::size (8 bytes)
Event: 49.110 Thread 0x000001877a116890 nmethod 7447 0x0000018700480f90 code [0x0000018700481120, 0x00000187004812c8]
Event: 49.111 Thread 0x000001877a116890 7448       3       com.sun.jmx.mbeanserver.MXBeanSupport::transitiveInterfaces (64 bytes)
Event: 49.112 Thread 0x000001877a116890 nmethod 7448 0x0000018700160d10 code [0x0000018700160f20, 0x00000187001613c8]
Event: 49.114 Thread 0x000001877a116890 7450       3       java.lang.reflect.Method::getGenericReturnType (20 bytes)
Event: 49.115 Thread 0x000001877a116890 nmethod 7450 0x00000187005fbb90 code [0x00000187005fbe40, 0x00000187005fcee8]
Event: 49.116 Thread 0x000001877a116890 7451       3       java.lang.Class::isRecord (33 bytes)
Event: 49.116 Thread 0x000001877a116890 nmethod 7451 0x0000018700480810 code [0x00000187004809e0, 0x0000018700480c48]
Event: 49.116 Thread 0x000001877a116890 7452       3       javax.management.ImmutableDescriptor::union (314 bytes)
Event: 49.118 Thread 0x000001877a116890 nmethod 7452 0x00000187003d0e90 code [0x00000187003d1260, 0x00000187003d2ff0]
Event: 49.118 Thread 0x000001877a116890 7453       3       java.util.TreeMap::entrySet (27 bytes)
Event: 49.119 Thread 0x000001877a116890 nmethod 7453 0x0000018700160610 code [0x00000187001607e0, 0x0000018700160bb8]
Event: 49.119 Thread 0x000001877a116890 7454       3       javax.management.MBeanFeatureInfo::<init> (20 bytes)
Event: 49.119 Thread 0x000001877a116890 nmethod 7454 0x0000018700160110 code [0x00000187001602c0, 0x0000018700160540]
Event: 49.124 Thread 0x000001877a116890 7455       3       java.lang.Class::getMethod0 (31 bytes)
Event: 49.124 Thread 0x000001877a116890 nmethod 7455 0x00000187003d0990 code [0x00000187003d0b60, 0x00000187003d0d78]
Event: 49.126 Thread 0x000001877a116890 7456   !   3       com.sun.jmx.mbeanserver.Introspector::descriptorForAnnotations (248 bytes)
Event: 49.129 Thread 0x000001877a116890 nmethod 7456 0x0000018700445710 code [0x0000018700445ae0, 0x0000018700447338]
Event: 49.129 Thread 0x000001877a116890 7457       1       org.apache.logging.log4j.Level::intLevel (5 bytes)
Event: 49.130 Thread 0x000001877a116890 nmethod 7457 0x0000018707b83b90 code [0x0000018707b83d20, 0x0000018707b83de8]

GC Heap History (18 events):
Event: 0.957 GC heap before
{Heap before GC invocations=0 (full 0):
 garbage-first heap   total 262144K, used 23552K [0x00000000c0000000, 0x0000000100000000)
  region size 1024K, 23 young (23552K), 0 survivors (0K)
 Metaspace       used 13751K, committed 13952K, reserved 1114112K
  class space    used 1211K, committed 1344K, reserved 1048576K
}
Event: 0.966 GC heap after
{Heap after GC invocations=1 (full 0):
 garbage-first heap   total 262144K, used 7487K [0x00000000c0000000, 0x0000000100000000)
  region size 1024K, 3 young (3072K), 3 survivors (3072K)
 Metaspace       used 13751K, committed 13952K, reserved 1114112K
  class space    used 1211K, committed 1344K, reserved 1048576K
}
Event: 1.838 GC heap before
{Heap before GC invocations=1 (full 0):
 garbage-first heap   total 262144K, used 33087K [0x00000000c0000000, 0x0000000100000000)
  region size 1024K, 28 young (28672K), 3 survivors (3072K)
 Metaspace       used 20102K, committed 20480K, reserved 1114112K
  class space    used 1884K, committed 2048K, reserved 1048576K
}
Event: 1.845 GC heap after
{Heap after GC invocations=2 (full 0):
 garbage-first heap   total 262144K, used 12210K [0x00000000c0000000, 0x0000000100000000)
  region size 1024K, 4 young (4096K), 4 survivors (4096K)
 Metaspace       used 20102K, committed 20480K, reserved 1114112K
  class space    used 1884K, committed 2048K, reserved 1048576K
}
Event: 1.943 GC heap before
{Heap before GC invocations=2 (full 0):
 garbage-first heap   total 262144K, used 14258K [0x00000000c0000000, 0x0000000100000000)
  region size 1024K, 7 young (7168K), 4 survivors (4096K)
 Metaspace       used 21031K, committed 21504K, reserved 1114112K
  class space    used 1997K, committed 2176K, reserved 1048576K
}
Event: 1.947 GC heap after
{Heap after GC invocations=3 (full 0):
 garbage-first heap   total 262144K, used 13285K [0x00000000c0000000, 0x0000000100000000)
  region size 1024K, 1 young (1024K), 1 survivors (1024K)
 Metaspace       used 21031K, committed 21504K, reserved 1114112K
  class space    used 1997K, committed 2176K, reserved 1048576K
}
Event: 43.852 GC heap before
{Heap before GC invocations=4 (full 0):
 garbage-first heap   total 262144K, used 56293K [0x00000000c0000000, 0x0000000100000000)
  region size 1024K, 45 young (46080K), 1 survivors (1024K)
 Metaspace       used 35057K, committed 35968K, reserved 1114112K
  class space    used 3508K, committed 3904K, reserved 1048576K
}
Event: 43.857 GC heap after
{Heap after GC invocations=5 (full 0):
 garbage-first heap   total 262144K, used 19956K [0x00000000c0000000, 0x0000000100000000)
  region size 1024K, 8 young (8192K), 8 survivors (8192K)
 Metaspace       used 35057K, committed 35968K, reserved 1114112K
  class space    used 3508K, committed 3904K, reserved 1048576K
}
Event: 43.900 GC heap before
{Heap before GC invocations=5 (full 0):
 garbage-first heap   total 262144K, used 20980K [0x00000000c0000000, 0x0000000100000000)
  region size 1024K, 10 young (10240K), 8 survivors (8192K)
 Metaspace       used 35395K, committed 36288K, reserved 1114112K
  class space    used 3532K, committed 3904K, reserved 1048576K
}
Event: 43.905 GC heap after
{Heap after GC invocations=6 (full 0):
 garbage-first heap   total 262144K, used 20142K [0x00000000c0000000, 0x0000000100000000)
  region size 1024K, 8 young (8192K), 8 survivors (8192K)
 Metaspace       used 35395K, committed 36288K, reserved 1114112K
  class space    used 3532K, committed 3904K, reserved 1048576K
}
Event: 43.922 GC heap before
{Heap before GC invocations=6 (full 0):
 garbage-first heap   total 262144K, used 20142K [0x00000000c0000000, 0x0000000100000000)
  region size 1024K, 9 young (9216K), 8 survivors (8192K)
 Metaspace       used 35675K, committed 36608K, reserved 1114112K
  class space    used 3609K, committed 4032K, reserved 1048576K
}
Event: 43.927 GC heap after
{Heap after GC invocations=7 (full 0):
 garbage-first heap   total 262144K, used 20232K [0x00000000c0000000, 0x0000000100000000)
  region size 1024K, 8 young (8192K), 8 survivors (8192K)
 Metaspace       used 35675K, committed 36608K, reserved 1114112K
  class space    used 3609K, committed 4032K, reserved 1048576K
}
Event: 48.686 GC heap before
{Heap before GC invocations=8 (full 0):
 garbage-first heap   total 262144K, used 152328K [0x00000000c0000000, 0x0000000100000000)
  region size 1024K, 137 young (140288K), 8 survivors (8192K)
 Metaspace       used 59680K, committed 61248K, reserved 1114112K
  class space    used 6721K, committed 7360K, reserved 1048576K
}
Event: 48.704 GC heap after
{Heap after GC invocations=9 (full 0):
 garbage-first heap   total 262144K, used 36831K [0x00000000c0000000, 0x0000000100000000)
  region size 1024K, 20 young (20480K), 20 survivors (20480K)
 Metaspace       used 59680K, committed 61248K, reserved 1114112K
  class space    used 6721K, committed 7360K, reserved 1048576K
}
Event: 48.739 GC heap before
{Heap before GC invocations=9 (full 0):
 garbage-first heap   total 262144K, used 37855K [0x00000000c0000000, 0x0000000100000000)
  region size 1024K, 22 young (22528K), 20 survivors (20480K)
 Metaspace       used 60042K, committed 61568K, reserved 1114112K
  class space    used 6782K, committed 7360K, reserved 1048576K
}
Event: 48.752 GC heap after
{Heap after GC invocations=10 (full 0):
 garbage-first heap   total 262144K, used 39732K [0x00000000c0000000, 0x0000000100000000)
  region size 1024K, 2 young (2048K), 2 survivors (2048K)
 Metaspace       used 60042K, committed 61568K, reserved 1114112K
  class space    used 6782K, committed 7360K, reserved 1048576K
}
Event: 48.804 GC heap before
{Heap before GC invocations=10 (full 0):
 garbage-first heap   total 262144K, used 40756K [0x00000000c0000000, 0x0000000100000000)
  region size 1024K, 4 young (4096K), 2 survivors (2048K)
 Metaspace       used 60397K, committed 61888K, reserved 1114112K
  class space    used 6837K, committed 7424K, reserved 1048576K
}
Event: 48.806 GC heap after
{Heap after GC invocations=11 (full 0):
 garbage-first heap   total 262144K, used 38452K [0x00000000c0000000, 0x0000000100000000)
  region size 1024K, 1 young (1024K), 1 survivors (1024K)
 Metaspace       used 60397K, committed 61888K, reserved 1114112K
  class space    used 6837K, committed 7424K, reserved 1048576K
}

Dll operation events (12 events):
Event: 0.009 Loaded shared library D:\User2\Embeded_2025.2\STM32CubeIDE_2.1.0\STM32CubeIDE\plugins\com.st.stm32cube.ide.jre.win64_3.4.200.202601091518\jre\bin\java.dll
Event: 0.072 Loaded shared library D:\User2\Embeded_2025.2\STM32CubeIDE_2.1.0\STM32CubeIDE\plugins\com.st.stm32cube.ide.jre.win64_3.4.200.202601091518\jre\bin\jsvml.dll
Event: 0.124 Loaded shared library D:\User2\Embeded_2025.2\STM32CubeIDE_2.1.0\STM32CubeIDE\plugins\com.st.stm32cube.ide.jre.win64_3.4.200.202601091518\jre\bin\net.dll
Event: 0.127 Loaded shared library D:\User2\Embeded_2025.2\STM32CubeIDE_2.1.0\STM32CubeIDE\plugins\com.st.stm32cube.ide.jre.win64_3.4.200.202601091518\jre\bin\nio.dll
Event: 0.135 Loaded shared library D:\User2\Embeded_2025.2\STM32CubeIDE_2.1.0\STM32CubeIDE\plugins\com.st.stm32cube.ide.jre.win64_3.4.200.202601091518\jre\bin\zip.dll
Event: 0.292 Loaded shared library D:\User2\Embeded_2025.2\STM32CubeIDE_2.1.0\STM32CubeIDE\plugins\com.st.stm32cube.ide.jre.win64_3.4.200.202601091518\jre\bin\jimage.dll
Event: 2.599 Loaded shared library D:\User2\Embeded_2025.2\STM32CubeIDE_2.1.0\STM32CubeIDE\configuration\org.eclipse.osgi\366\0\.cp\swt-win32-4966r5.dll
Event: 2.674 Loaded shared library D:\User2\Embeded_2025.2\STM32CubeIDE_2.1.0\STM32CubeIDE\configuration\org.eclipse.osgi\366\0\.cp\swt-gdip-win32-4966r5.dll
Event: 43.398 Loaded shared library C:\Users\khach\AppData\Local\Temp\jna-2094529\jna6490922018898836394.dll
Event: 46.460 Loaded shared library D:\User2\Embeded_2025.2\STM32CubeIDE_2.1.0\STM32CubeIDE\plugins\com.st.stm32cube.ide.jre.win64_3.4.200.202601091518\jre\bin\verify.dll
Event: 48.534 Loaded shared library D:\User2\Embeded_2025.2\STM32CubeIDE_2.1.0\STM32CubeIDE\plugins\com.st.stm32cube.ide.jre.win64_3.4.200.202601091518\jre\bin\management.dll
Event: 48.539 Loaded shared library D:\User2\Embeded_2025.2\STM32CubeIDE_2.1.0\STM32CubeIDE\plugins\com.st.stm32cube.ide.jre.win64_3.4.200.202601091518\jre\bin\management_ext.dll

Deoptimization events (20 events):
Event: 48.883 Thread 0x0000018766052e80 Uncommon trap: trap_request=0xffffff45 fr.pc=0x0000018707e8468c relative=0x000000000000074c
Event: 48.883 Thread 0x0000018766052e80 Uncommon trap: reason=unstable_if action=reinterpret pc=0x0000018707e8468c method=jdk.internal.org.objectweb.asm.Type.getArgumentsAndReturnSizes(Ljava/lang/String;)I @ 123 c2
Event: 48.883 Thread 0x0000018766052e80 DEOPT PACKING pc=0x0000018707e8468c sp=0x0000007d11138d30
Event: 48.883 Thread 0x0000018766052e80 DEOPT UNPACKING pc=0x00000187075843a2 sp=0x0000007d11138cb0 mode 2
Event: 48.883 Thread 0x0000018766052e80 Uncommon trap: trap_request=0xffffff45 fr.pc=0x0000018707e5406c relative=0x000000000000100c
Event: 48.883 Thread 0x0000018766052e80 Uncommon trap: reason=unstable_if action=reinterpret pc=0x0000018707e5406c method=jdk.internal.org.objectweb.asm.Frame.execute(IILjdk/internal/org/objectweb/asm/Symbol;Ljdk/internal/org/objectweb/asm/SymbolTable;)V @ 1 c2
Event: 48.883 Thread 0x0000018766052e80 DEOPT PACKING pc=0x0000018707e5406c sp=0x0000007d11138d70
Event: 48.883 Thread 0x0000018766052e80 DEOPT UNPACKING pc=0x00000187075843a2 sp=0x0000007d11138cf8 mode 2
Event: 48.883 Thread 0x0000018766052e80 Uncommon trap: trap_request=0xffffff45 fr.pc=0x0000018707bd6010 relative=0x0000000000000a50
Event: 48.883 Thread 0x0000018766052e80 Uncommon trap: reason=unstable_if action=reinterpret pc=0x0000018707bd6010 method=jdk.internal.org.objectweb.asm.SymbolTable.put(Ljdk/internal/org/objectweb/asm/SymbolTable$Entry;)Ljdk/internal/org/objectweb/asm/SymbolTable$Entry; @ 13 c2
Event: 48.883 Thread 0x0000018766052e80 DEOPT PACKING pc=0x0000018707bd6010 sp=0x0000007d11138b30
Event: 48.883 Thread 0x0000018766052e80 DEOPT UNPACKING pc=0x00000187075843a2 sp=0x0000007d11138a58 mode 2
Event: 48.930 Thread 0x0000018766052e80 Uncommon trap: trap_request=0xffffffde fr.pc=0x0000018707d3374c relative=0x00000000000008cc
Event: 48.930 Thread 0x0000018766052e80 Uncommon trap: reason=class_check action=maybe_recompile pc=0x0000018707d3374c method=java.util.regex.Pattern$CharPropertyGreedy.match(Ljava/util/regex/Matcher;ILjava/lang/CharSequence;)Z @ 64 c2
Event: 48.930 Thread 0x0000018766052e80 DEOPT PACKING pc=0x0000018707d3374c sp=0x0000007d11139470
Event: 48.930 Thread 0x0000018766052e80 DEOPT UNPACKING pc=0x00000187075843a2 sp=0x0000007d11139410 mode 2
Event: 49.068 Thread 0x0000018766052e80 Uncommon trap: trap_request=0xffffff45 fr.pc=0x0000018707ed7ecc relative=0x00000000000012ec
Event: 49.068 Thread 0x0000018766052e80 Uncommon trap: reason=unstable_if action=reinterpret pc=0x0000018707ed7ecc method=jdk.internal.reflect.Reflection.verifyMemberAccess(Ljava/lang/Class;Ljava/lang/Class;Ljava/lang/Class;I)Z @ 124 c2
Event: 49.068 Thread 0x0000018766052e80 DEOPT PACKING pc=0x0000018707ed7ecc sp=0x0000007d11137f60
Event: 49.068 Thread 0x0000018766052e80 DEOPT UNPACKING pc=0x00000187075843a2 sp=0x0000007d11137e80 mode 2

Classes loaded (20 events):
Event: 49.118 Loading class javax/management/NotificationFilter
Event: 49.118 Loading class javax/management/NotificationFilter done
Event: 49.118 Loading class javax/management/ListenerNotFoundException
Event: 49.118 Loading class javax/management/ListenerNotFoundException done
Event: 49.118 Loading class jdk/jfr/Recording
Event: 49.119 Loading class jdk/jfr/Recording done
Event: 49.119 Loading class jdk/jfr/FlightRecorder
Event: 49.119 Loading class jdk/jfr/FlightRecorder done
Event: 49.119 Loading class jdk/management/jfr/FlightRecorderMXBeanImpl$MXBeanListener
Event: 49.119 Loading class jdk/jfr/FlightRecorderListener
Event: 49.119 Loading class jdk/jfr/FlightRecorderListener done
Event: 49.119 Loading class jdk/management/jfr/FlightRecorderMXBeanImpl$MXBeanListener done
Event: 49.120 Loading class javax/management/ObjectName$PatternProperty
Event: 49.120 Loading class javax/management/ObjectName$PatternProperty done
Event: 49.122 Loading class java/beans/PropertyChangeListener
Event: 49.122 Loading class java/beans/PropertyChangeListener done
Event: 49.123 Loading class com/sun/jmx/mbeanserver/StandardMBeanSupport
Event: 49.123 Loading class com/sun/jmx/mbeanserver/StandardMBeanSupport done
Event: 49.123 Loading class com/sun/jmx/mbeanserver/StandardMBeanIntrospector
Event: 49.123 Loading class com/sun/jmx/mbeanserver/StandardMBeanIntrospector done

Classes unloaded (0 events):
No events

Classes redefined (0 events):
No events

Internal exceptions (20 events):
Event: 46.968 Thread 0x0000018766052e80 Exception <a 'java/io/FileNotFoundException'{0x00000000ca056d08}> (0x00000000ca056d08) 
thrown [s\src\hotspot\share\prims\jni.cpp, line 520]
Event: 47.028 Thread 0x0000018766052e80 Implicit null exception at 0x0000018707db8bcf to 0x0000018707db8ddc
Event: 47.029 Thread 0x0000018766052e80 Implicit null exception at 0x0000018707d81c68 to 0x0000018707d81cd8
Event: 47.036 Thread 0x0000018766052e80 Implicit null exception at 0x0000018707db9a26 to 0x0000018707db9e8c
Event: 47.112 Thread 0x0000018766052e80 Exception <a 'java/lang/NoSuchMethodError'{0x00000000c993d688}: 'int java.lang.invoke.DirectMethodHandle$Holder.invokeVirtual(java.lang.Object, java.lang.Object, java.lang.Object, java.lang.Object, java.lang.Object)'> (0x00000000c993d688) 
thrown [s\src\hotspot\share\interpreter\linkResolver.cpp, line 773]
Event: 47.113 Thread 0x0000018766052e80 Exception <a 'java/lang/NoSuchMethodError'{0x00000000c99419f8}: 'int java.lang.invoke.DirectMethodHandle$Holder.invokeSpecial(java.lang.Object, java.lang.Object, java.lang.Object, java.lang.Object, java.lang.Object, java.lang.Object)'> (0x00000000c99419f8) 
thrown [s\src\hotspot\share\interpreter\linkResolver.cpp, line 773]
Event: 47.114 Thread 0x0000018766052e80 Exception <a 'java/lang/NoSuchMethodError'{0x00000000c99458a0}: 'int java.lang.invoke.DelegatingMethodHandle$Holder.reinvoke_L(java.lang.Object, java.lang.Object, java.lang.Object, java.lang.Object, java.lang.Object)'> (0x00000000c99458a0) 
thrown [s\src\hotspot\share\interpreter\linkResolver.cpp, line 773]
Event: 47.155 Thread 0x0000018766052e80 Exception <a 'java/lang/NoSuchMethodError'{0x00000000c9814268}: 'long java.lang.invoke.DirectMethodHandle$Holder.invokeSpecial(java.lang.Object, java.lang.Object)'> (0x00000000c9814268) 
thrown [s\src\hotspot\share\interpreter\linkResolver.cpp, line 773]
Event: 47.301 Thread 0x0000018766052e80 Exception <a 'java/lang/NoSuchMethodError'{0x00000000c96bbc20}: 'java.lang.Object java.lang.invoke.DirectMethodHandle$Holder.newInvokeSpecial(java.lang.Object, java.lang.Object, java.lang.Object, java.lang.Object, int)'> (0x00000000c96bbc20) 
thrown [s\src\hotspot\share\interpreter\linkResolver.cpp, line 773]
Event: 47.301 Thread 0x0000018766052e80 Exception <a 'java/lang/NoSuchMethodError'{0x00000000c96c07e0}: 'java.lang.Object java.lang.invoke.DirectMethodHandle$Holder.invokeSpecial(java.lang.Object, java.lang.Object, java.lang.Object, java.lang.Object, java.lang.Object, int)'> (0x00000000c96c07e0) 
thrown [s\src\hotspot\share\interpreter\linkResolver.cpp, line 773]
Event: 47.301 Thread 0x0000018766052e80 Exception <a 'java/lang/NoSuchMethodError'{0x00000000c96c4d20}: 'java.lang.Object java.lang.invoke.Invokers$Holder.linkToTargetMethod(java.lang.Object, java.lang.Object, java.lang.Object, int, java.lang.Object)'> (0x00000000c96c4d20) 
thrown [s\src\hotspot\share\interpreter\linkResolver.cpp, line 773]
Event: 47.312 Thread 0x0000018766052e80 Exception <a 'java/lang/IncompatibleClassChangeError'{0x00000000c96e4c50}: Found class java.lang.Object, but interface was expected> (0x00000000c96e4c50) 
thrown [s\src\hotspot\share\interpreter\linkResolver.cpp, line 840]
Event: 47.544 Thread 0x0000018766052e80 Exception <a 'java/lang/NoSuchMethodError'{0x00000000c937b770}: 'int java.lang.invoke.DirectMethodHandle$Holder.invokeInterface(java.lang.Object, java.lang.Object)'> (0x00000000c937b770) 
thrown [s\src\hotspot\share\interpreter\linkResolver.cpp, line 773]
Event: 47.600 Thread 0x0000018766052e80 Exception <a 'java/lang/IncompatibleClassChangeError'{0x00000000c928cdb8}: Found class java.lang.Object, but interface was expected> (0x00000000c928cdb8) 
thrown [s\src\hotspot\share\interpreter\linkResolver.cpp, line 840]
Event: 47.892 Thread 0x0000018766052e80 Exception <a 'java/lang/ClassNotFoundException'{0x00000000c8b30b30}: com/sun/org/apache/xml/internal/serializer/spi/XMLEntitiesProvider> (0x00000000c8b30b30) 
thrown [s\src\hotspot\share\classfile\systemDictionary.cpp, line 312]
Event: 48.577 Thread 0x0000018766052e80 Exception <a 'java/lang/NoSuchMethodError'{0x00000000c7a81150}: 'void java.lang.invoke.DirectMethodHandle$Holder.invokeStaticInit(java.lang.Object, java.lang.Object, java.lang.Object, java.lang.Object)'> (0x00000000c7a81150) 
thrown [s\src\hotspot\share\interpreter\linkResolver.cpp, line 773]
Event: 48.756 Thread 0x0000018766052e80 Exception <a 'java/lang/NoSuchMethodError'{0x00000000cff12e88}: 'java.lang.Object java.lang.invoke.DirectMethodHandle$Holder.newInvokeSpecial(java.lang.Object, long, int, java.lang.Object)'> (0x00000000cff12e88) 
thrown [s\src\hotspot\share\interpreter\linkResolver.cpp, line 773]
Event: 48.807 Thread 0x0000018766052e80 Exception <a 'java/io/FileNotFoundException'{0x00000000cff00548}> (0x00000000cff00548) 
thrown [s\src\hotspot\share\prims\jni.cpp, line 520]
Event: 48.983 Thread 0x0000018766052e80 Exception <a 'java/lang/IncompatibleClassChangeError'{0x00000000cfde0a58}: Found class java.lang.Object, but interface was expected> (0x00000000cfde0a58) 
thrown [s\src\hotspot\share\interpreter\linkResolver.cpp, line 840]
Event: 49.048 Thread 0x0000018766052e80 Exception <a 'java/lang/NoSuchMethodError'{0x00000000cfa85280}: 'java.lang.Object java.lang.invoke.DirectMethodHandle$Holder.invokeStaticInit(java.lang.Object, java.lang.Object, java.lang.Object)'> (0x00000000cfa85280) 
thrown [s\src\hotspot\share\interpreter\linkResolver.cpp, line 773]

ZGC Phase Switch (0 events):
No events

VM Operations (20 events):
Event: 48.477 Executing VM operation: HandshakeAllThreads (Deoptimize)
Event: 48.477 Executing VM operation: HandshakeAllThreads (Deoptimize) done
Event: 48.686 Executing VM operation: CollectForMetadataAllocation (Metadata GC Threshold)
Event: 48.704 Executing VM operation: CollectForMetadataAllocation (Metadata GC Threshold) done
Event: 48.739 Executing VM operation: CollectForMetadataAllocation (Metadata GC Threshold)
Event: 48.752 Executing VM operation: CollectForMetadataAllocation (Metadata GC Threshold) done
Event: 48.804 Executing VM operation: CollectForMetadataAllocation (Metadata GC Threshold)
Event: 48.806 Executing VM operation: CollectForMetadataAllocation (Metadata GC Threshold) done
Event: 48.826 Executing VM operation: HandshakeAllThreads (Deoptimize)
Event: 48.826 Executing VM operation: HandshakeAllThreads (Deoptimize) done
Event: 48.830 Executing VM operation: HandshakeAllThreads (Deoptimize)
Event: 48.830 Executing VM operation: HandshakeAllThreads (Deoptimize) done
Event: 48.845 Executing VM operation: G1PauseRemark
Event: 48.853 Executing VM operation: G1PauseRemark done
Event: 48.871 Executing VM operation: G1PauseCleanup
Event: 48.871 Executing VM operation: G1PauseCleanup done
Event: 48.977 Executing VM operation: HandshakeAllThreads (Deoptimize)
Event: 48.977 Executing VM operation: HandshakeAllThreads (Deoptimize) done
Event: 49.977 Executing VM operation: Cleanup
Event: 49.977 Executing VM operation: Cleanup done

Memory protections (0 events):
No events

Nmethod flushes (20 events):
Event: 48.853 Thread 0x000001877a039070 flushing  nmethod 0x0000018700318310
Event: 48.853 Thread 0x000001877a039070 flushing  nmethod 0x0000018700321b90
Event: 48.853 Thread 0x000001877a039070 flushing  nmethod 0x0000018700345210
Event: 48.853 Thread 0x000001877a039070 flushing  nmethod 0x0000018700346490
Event: 48.853 Thread 0x000001877a039070 flushing  nmethod 0x0000018700390f10
Event: 48.853 Thread 0x000001877a039070 flushing  nmethod 0x00000187003bc890
Event: 48.853 Thread 0x000001877a039070 flushing  nmethod 0x00000187003bde90
Event: 48.853 Thread 0x000001877a039070 flushing  nmethod 0x00000187003be890
Event: 48.853 Thread 0x000001877a039070 flushing  nmethod 0x0000018700452e10
Event: 48.853 Thread 0x000001877a039070 flushing  nmethod 0x00000187004d9d10
Event: 48.853 Thread 0x000001877a039070 flushing  nmethod 0x00000187004dc790
Event: 48.853 Thread 0x000001877a039070 flushing  nmethod 0x00000187005fbb90
Event: 48.853 Thread 0x000001877a039070 flushing osr nmethod 0x00000187005fc590
Event: 48.853 Thread 0x000001877a039070 flushing  nmethod 0x00000187005fe590
Event: 48.853 Thread 0x000001877a039070 flushing  nmethod 0x00000187005fe910
Event: 48.853 Thread 0x000001877a039070 flushing  nmethod 0x00000187005ff490
Event: 48.853 Thread 0x000001877a039070 flushing  nmethod 0x0000018700619990
Event: 48.853 Thread 0x000001877a039070 flushing  nmethod 0x000001870061a710
Event: 48.853 Thread 0x000001877a039070 flushing  nmethod 0x000001870061ae90
Event: 48.853 Thread 0x000001877a039070 flushing  nmethod 0x000001870062e910

Events (20 events):
Event: 2.767 Thread 0x000001877a115420 Thread exited: 0x000001877a115420
Event: 3.304 Thread 0x000001877a114680 Thread exited: 0x000001877a114680
Event: 7.233 Thread 0x000001877bf3a350 Thread exited: 0x000001877bf3a350
Event: 43.235 Thread 0x000001877a116890 Thread added: 0x000001877a113fb0
Event: 43.236 Thread 0x000001877a116890 Thread added: 0x000001877a1161c0
Event: 43.450 Thread 0x0000018766052e80 Thread added: 0x000001877c97ff90
Event: 43.569 Thread 0x0000018766052e80 Thread added: 0x000001877c9826f0
Event: 43.671 Thread 0x0000018766052e80 Thread added: 0x000001877c9819d0
Event: 43.989 Thread 0x000001877a1161c0 Thread exited: 0x000001877a1161c0
Event: 44.045 Thread 0x000001877a113fb0 Thread exited: 0x000001877a113fb0
Event: 44.184 Thread 0x000001877a116890 Thread added: 0x000001877a116f60
Event: 44.438 Thread 0x000001877a116890 Thread added: 0x000001877a117630
Event: 44.571 Thread 0x0000018766052e80 Thread added: 0x000001877c980620
Event: 45.148 Thread 0x000001877bf38280 Thread exited: 0x000001877bf38280
Event: 46.252 Thread 0x0000018766052e80 Thread added: 0x000001877c982d80
Event: 46.367 Thread 0x0000018766052e80 Thread added: 0x000001877c97f900
Event: 46.373 Thread 0x000001877c97f900 Thread exited: 0x000001877c97f900
Event: 48.105 Thread 0x0000018766052e80 Thread added: 0x000001877c97f900
Event: 48.788 Thread 0x0000018766052e80 Thread added: 0x000001877c983aa0
Event: 48.789 Thread 0x000001877c983aa0 Thread exited: 0x000001877c983aa0


Dynamic libraries:
0x00007ff721ee0000 - 0x00007ff721f69000 	D:\User2\Embeded_2025.2\STM32CubeIDE_2.1.0\STM32CubeIDE\stm32cubeide.exe
0x00007ffc2f5e0000 - 0x00007ffc2f846000 	C:\WINDOWS\SYSTEM32\ntdll.dll
0x00007ffc2e560000 - 0x00007ffc2e629000 	C:\WINDOWS\System32\KERNEL32.DLL
0x00007ffc2cdf0000 - 0x00007ffc2d1ea000 	C:\WINDOWS\System32\KERNELBASE.dll
0x00007ffc2d350000 - 0x00007ffc2d517000 	C:\WINDOWS\System32\USER32.dll
0x00007ffc2cdc0000 - 0x00007ffc2cde7000 	C:\WINDOWS\System32\win32u.dll
0x00007ffc2ef60000 - 0x00007ffc2ef8b000 	C:\WINDOWS\System32\GDI32.dll
0x00007ffc2ca80000 - 0x00007ffc2cbab000 	C:\WINDOWS\System32\gdi32full.dll
0x00007ffc2d2a0000 - 0x00007ffc2d343000 	C:\WINDOWS\System32\msvcp_win.dll
0x00007ffc2c930000 - 0x00007ffc2ca7c000 	C:\WINDOWS\System32\ucrtbase.dll
0x00007ffc1ac70000 - 0x00007ffc1af02000 	C:\WINDOWS\WinSxS\amd64_microsoft.windows.common-controls_6595b64144ccf1df_6.0.26100.8521_none_3e08b75ce33403b3\COMCTL32.dll
0x00007ffc2e790000 - 0x00007ffc2e839000 	C:\WINDOWS\System32\msvcrt.dll
0x00007ffc2ef90000 - 0x00007ffc2efc2000 	C:\WINDOWS\System32\IMM32.DLL
0x00007ffc03c90000 - 0x00007ffc03cd5000 	D:\User2\Embeded_2025.2\STM32CubeIDE_2.1.0\STM32CubeIDE\plugins\org.eclipse.equinox.launcher.win32.win32.x86_64_1.2.1100.v20240722-2106\eclipse_11904.dll
0x00007ffc2e0b0000 - 0x00007ffc2e166000 	C:\WINDOWS\System32\ADVAPI32.dll
0x00007ffc2f060000 - 0x00007ffc2f10a000 	C:\WINDOWS\System32\sechost.dll
0x00007ffc2dcb0000 - 0x00007ffc2ddc8000 	C:\WINDOWS\System32\RPCRT4.dll
0x00007ffc2ec30000 - 0x00007ffc2edc8000 	C:\WINDOWS\System32\ole32.dll
0x00007ffc2e850000 - 0x00007ffc2ebd3000 	C:\WINDOWS\System32\combase.dll
0x00007ffc24f70000 - 0x00007ffc24f7b000 	C:\WINDOWS\SYSTEM32\VERSION.dll
0x00007ffb56160000 - 0x00007ffb56f00000 	D:\User2\Embeded_2025.2\STM32CubeIDE_2.1.0\STM32CubeIDE\plugins\com.st.stm32cube.ide.jre.win64_3.4.200.202601091518\jre\bin\server\jvm.dll
0x00007ffc2eed0000 - 0x00007ffc2ef50000 	C:\WINDOWS\System32\WS2_32.dll
0x00007ffc2c6f0000 - 0x00007ffc2c74e000 	C:\WINDOWS\SYSTEM32\POWRPROF.dll
0x00007ffc15030000 - 0x00007ffc1504e000 	C:\WINDOWS\SYSTEM32\VCRUNTIME140.dll
0x00007ffc12f00000 - 0x00007ffc12f0c000 	C:\WINDOWS\SYSTEM32\VCRUNTIME140_1.dll
0x00007ffc204e0000 - 0x00007ffc20516000 	C:\WINDOWS\SYSTEM32\WINMM.dll
0x00007ffc2c6d0000 - 0x00007ffc2c6e4000 	C:\WINDOWS\SYSTEM32\UMPDC.dll
0x00007ffc04490000 - 0x00007ffc0449a000 	D:\User2\Embeded_2025.2\STM32CubeIDE_2.1.0\STM32CubeIDE\plugins\com.st.stm32cube.ide.jre.win64_3.4.200.202601091518\jre\bin\jimage.dll
0x00007ffc22d60000 - 0x00007ffc22fa2000 	C:\WINDOWS\SYSTEM32\DBGHELP.DLL
0x00007ffc2dfd0000 - 0x00007ffc2e0a9000 	C:\WINDOWS\System32\OLEAUT32.dll
0x00007ffc14760000 - 0x00007ffc1479b000 	C:\WINDOWS\SYSTEM32\dbgcore.DLL
0x00007ffc2d1f0000 - 0x00007ffc2d298000 	C:\WINDOWS\System32\bcryptPrimitives.dll
0x00007ffc22860000 - 0x00007ffc22880000 	D:\User2\Embeded_2025.2\STM32CubeIDE_2.1.0\STM32CubeIDE\plugins\com.st.stm32cube.ide.jre.win64_3.4.200.202601091518\jre\bin\java.dll
0x00007ffc2b5e0000 - 0x00007ffc2b5fb000 	C:\WINDOWS\SYSTEM32\kernel.appcore.dll
0x00007ffc2d520000 - 0x00007ffc2dca4000 	C:\WINDOWS\System32\SHELL32.dll
0x00007ffc2a3f0000 - 0x00007ffc2ac70000 	C:\WINDOWS\SYSTEM32\windows.storage.dll
0x00007ffc2de90000 - 0x00007ffc2df86000 	C:\WINDOWS\System32\SHCORE.dll
0x00007ffc2e4f0000 - 0x00007ffc2e557000 	C:\WINDOWS\System32\shlwapi.dll
0x00007ffc2c790000 - 0x00007ffc2c7b9000 	C:\WINDOWS\SYSTEM32\profapi.dll
0x00007ffbd7380000 - 0x00007ffbd7457000 	D:\User2\Embeded_2025.2\STM32CubeIDE_2.1.0\STM32CubeIDE\plugins\com.st.stm32cube.ide.jre.win64_3.4.200.202601091518\jre\bin\jsvml.dll
0x00007ffc25de0000 - 0x00007ffc25df0000 	D:\User2\Embeded_2025.2\STM32CubeIDE_2.1.0\STM32CubeIDE\plugins\com.st.stm32cube.ide.jre.win64_3.4.200.202601091518\jre\bin\net.dll
0x00007ffc24fc0000 - 0x00007ffc250e9000 	C:\WINDOWS\SYSTEM32\WINHTTP.dll
0x00007ffc2bb70000 - 0x00007ffc2bbdc000 	C:\WINDOWS\system32\mswsock.dll
0x00007ffc24680000 - 0x00007ffc24696000 	D:\User2\Embeded_2025.2\STM32CubeIDE_2.1.0\STM32CubeIDE\plugins\com.st.stm32cube.ide.jre.win64_3.4.200.202601091518\jre\bin\nio.dll
0x00007ffc22960000 - 0x00007ffc22978000 	D:\User2\Embeded_2025.2\STM32CubeIDE_2.1.0\STM32CubeIDE\plugins\com.st.stm32cube.ide.jre.win64_3.4.200.202601091518\jre\bin\zip.dll
0x00007ffc29a90000 - 0x00007ffc29b3a000 	C:\WINDOWS\system32\uxtheme.dll
0x00007ffc2e630000 - 0x00007ffc2e78d000 	C:\WINDOWS\System32\MSCTF.dll
0x00007ffc2ddd0000 - 0x00007ffc2de7e000 	C:\WINDOWS\System32\clbcatq.dll
0x00007ffc1c3e0000 - 0x00007ffc1c528000 	C:\WINDOWS\SYSTEM32\textinputframework.dll
0x00007ffc29590000 - 0x00007ffc296b5000 	C:\WINDOWS\SYSTEM32\CoreMessaging.dll
0x00007ffc1f0b0000 - 0x00007ffc1f394000 	C:\WINDOWS\SYSTEM32\CoreUIComponents.dll
0x00007ffc265c0000 - 0x00007ffc2672a000 	C:\WINDOWS\SYSTEM32\wintypes.dll
0x00007ffc2be70000 - 0x00007ffc2be7c000 	C:\WINDOWS\SYSTEM32\CRYPTBASE.DLL
0x00007ffbd4d80000 - 0x00007ffbd4e4a000 	D:\User2\Embeded_2025.2\STM32CubeIDE_2.1.0\STM32CubeIDE\configuration\org.eclipse.osgi\366\0\.cp\swt-win32-4966r5.dll
0x00007ffc2edd0000 - 0x00007ffc2eec2000 	C:\WINDOWS\System32\COMDLG32.dll
0x00007ffba6600000 - 0x00007ffba6619000 	C:\WINDOWS\SYSTEM32\USP10.dll
0x00007ffc1a9d0000 - 0x00007ffc1aa7f000 	C:\WINDOWS\SYSTEM32\WINSPOOL.DRV
0x00007ffc1a950000 - 0x00007ffc1a9c6000 	C:\WINDOWS\SYSTEM32\OLEACC.dll
0x00007ffc15480000 - 0x00007ffc15715000 	C:\WINDOWS\SYSTEM32\WININET.dll
0x00007ffc279a0000 - 0x00007ffc27aa6000 	C:\WINDOWS\SYSTEM32\PROPSYS.dll
0x00007ffc10710000 - 0x00007ffc108ed000 	C:\WINDOWS\SYSTEM32\urlmon.dll
0x00007ffc22c70000 - 0x00007ffc22c78000 	C:\WINDOWS\SYSTEM32\MSIMG32.dll
0x00007ffc29d20000 - 0x00007ffc29d4f000 	C:\WINDOWS\SYSTEM32\dwmapi.dll
0x00007ffc2c3e0000 - 0x00007ffc2c431000 	C:\WINDOWS\SYSTEM32\cfgmgr32.dll
0x00007ffc0f570000 - 0x00007ffc0f835000 	C:\WINDOWS\SYSTEM32\iertutil.dll
0x00007ffc1a1b0000 - 0x00007ffc1a1d9000 	C:\WINDOWS\SYSTEM32\srvcli.dll
0x00007ffc2afa0000 - 0x00007ffc2afad000 	C:\WINDOWS\SYSTEM32\netutils.dll
0x00007ffc04460000 - 0x00007ffc0448c000 	D:\User2\Embeded_2025.2\STM32CubeIDE_2.1.0\STM32CubeIDE\configuration\org.eclipse.osgi\366\0\.cp\swt-gdip-win32-4966r5.dll
0x00007ffc1aa90000 - 0x00007ffc1ac68000 	C:\WINDOWS\WinSxS\amd64_microsoft.windows.gdiplus_6595b64144ccf1df_1.1.26100.8655_none_6ef64fdc3dc4305b\gdiplus.dll
0x00007ffc281d0000 - 0x00007ffc283fc000 	C:\WINDOWS\SYSTEM32\WindowsCodecs.dll
0x00007ffbf5040000 - 0x00007ffbf50f3000 	C:\WINDOWS\SYSTEM32\TextShaping.dll
0x00007ffc20490000 - 0x00007ffc204d4000 	C:\WINDOWS\system32\mlang.dll
0x00007ffc2be50000 - 0x00007ffc2be6b000 	C:\WINDOWS\SYSTEM32\CRYPTSP.dll
0x00007ffc2b540000 - 0x00007ffc2b579000 	C:\WINDOWS\system32\rsaenh.dll
0x00007ffc2bc20000 - 0x00007ffc2bc53000 	C:\WINDOWS\SYSTEM32\USERENV.dll
0x00007ffc2c760000 - 0x00007ffc2c78a000 	C:\WINDOWS\SYSTEM32\bcrypt.dll
0x00007ffc2afb0000 - 0x00007ffc2afe3000 	C:\WINDOWS\SYSTEM32\IPHLPAPI.DLL
0x00007ffc2e840000 - 0x00007ffc2e84a000 	C:\WINDOWS\System32\NSI.dll
0x00007ffc04240000 - 0x00007ffc04285000 	C:\Users\khach\AppData\Local\Temp\jna-2094529\jna6490922018898836394.dll
0x00007ffc2df90000 - 0x00007ffc2df98000 	C:\WINDOWS\System32\PSAPI.DLL
0x00007ffc25610000 - 0x00007ffc2562d000 	C:\WINDOWS\SYSTEM32\dhcpcsvc6.DLL
0x00007ffc255e0000 - 0x00007ffc25605000 	C:\WINDOWS\SYSTEM32\dhcpcsvc.DLL
0x00007ffc25dd0000 - 0x00007ffc25de0000 	D:\User2\Embeded_2025.2\STM32CubeIDE_2.1.0\STM32CubeIDE\plugins\com.st.stm32cube.ide.jre.win64_3.4.200.202601091518\jre\bin\verify.dll
0x00007ffc25bb0000 - 0x00007ffc25bba000 	D:\User2\Embeded_2025.2\STM32CubeIDE_2.1.0\STM32CubeIDE\plugins\com.st.stm32cube.ide.jre.win64_3.4.200.202601091518\jre\bin\management.dll
0x00007ffc24670000 - 0x00007ffc2467c000 	D:\User2\Embeded_2025.2\STM32CubeIDE_2.1.0\STM32CubeIDE\plugins\com.st.stm32cube.ide.jre.win64_3.4.200.202601091518\jre\bin\management_ext.dll
0x00007ffc00a90000 - 0x00007ffc00aa8000 	C:\WINDOWS\system32\napinsp.dll
0x00007ffc2aff0000 - 0x00007ffc2b13a000 	C:\WINDOWS\SYSTEM32\DNSAPI.dll
0x00007ffc2b990000 - 0x00007ffc2b99d000 	C:\WINDOWS\SYSTEM32\DSPARSE.dll
0x00007ffc00a70000 - 0x00007ffc00a83000 	C:\WINDOWS\System32\winrnr.dll
0x00007ffc00a40000 - 0x00007ffc00a62000 	C:\WINDOWS\system32\nlansp_c.dll
0x00007ffc23e20000 - 0x00007ffc23e36000 	C:\WINDOWS\system32\wshbth.dll
0x00007ffc24f80000 - 0x00007ffc24f8b000 	C:\Windows\System32\rasadhlp.dll
0x00007ffc260d0000 - 0x00007ffc26156000 	C:\WINDOWS\System32\fwpuclnt.dll

JVMTI agents: none

dbghelp: loaded successfully - version: 4.0.5 - missing functions: none
symbol engine: initialized successfully - sym options: 0x614 - pdb path: .;D:\User2\Embeded_2025.2\STM32CubeIDE_2.1.0\STM32CubeIDE;C:\WINDOWS\SYSTEM32;C:\WINDOWS\WinSxS\amd64_microsoft.windows.common-controls_6595b64144ccf1df_6.0.26100.8521_none_3e08b75ce33403b3;D:\User2\Embeded_2025.2\STM32CubeIDE_2.1.0\STM32CubeIDE\plugins\org.eclipse.equinox.launcher.win32.win32.x86_64_1.2.1100.v20240722-2106;D:\User2\Embeded_2025.2\STM32CubeIDE_2.1.0\STM32CubeIDE\plugins\com.st.stm32cube.ide.jre.win64_3.4.200.202601091518\jre\bin\server;D:\User2\Embeded_2025.2\STM32CubeIDE_2.1.0\STM32CubeIDE\plugins\com.st.stm32cube.ide.jre.win64_3.4.200.202601091518\jre\bin;D:\User2\Embeded_2025.2\STM32CubeIDE_2.1.0\STM32CubeIDE\configuration\org.eclipse.osgi\366\0\.cp;C:\WINDOWS\WinSxS\amd64_microsoft.windows.gdiplus_6595b64144ccf1df_1.1.26100.8655_none_6ef64fdc3dc4305b;C:\Users\khach\AppData\Local\Temp\jna-2094529

VM Arguments:
jvm_args: -Dosgi.requiredJavaVersion=1.8 -Dosgi.instance.area.default=@user.home/STM32CubeIDE/workspace_2.1.0 -Declipse.buildId=Version 2.1.0 -DproductMaturityGrade=mm -Djdk.http.auth.tunneling.disabledSchemes= -XX:+UseG1GC -XX:+UseStringDeduplication -Xms256m -Xmx1024m -Djavax.net.ssl.trustStoreType=WINDOWS-ROOT 
java_command: <unknown>
java_class_path (initial): D:\User2\Embeded_2025.2\STM32CubeIDE_2.1.0\STM32CubeIDE\\plugins/org.eclipse.equinox.launcher_1.6.900.v20240613-2009.jar
Launcher Type: generic

[Global flags]
     intx CICompilerCount                          = 4                                         {product} {ergonomic}
     uint ConcGCThreads                            = 3                                         {product} {ergonomic}
     uint G1ConcRefinementThreads                  = 10                                        {product} {ergonomic}
   size_t G1HeapRegionSize                         = 1048576                                   {product} {ergonomic}
    uintx GCDrainStackTargetSize                   = 64                                        {product} {ergonomic}
   size_t InitialHeapSize                          = 268435456                                 {product} {command line}
   size_t MarkStackSize                            = 4194304                                   {product} {ergonomic}
   size_t MaxHeapSize                              = 1073741824                                {product} {command line}
   size_t MaxNewSize                               = 643825664                                 {product} {ergonomic}
   size_t MinHeapDeltaBytes                        = 1048576                                   {product} {ergonomic}
   size_t MinHeapSize                              = 268435456                                 {product} {command line}
    uintx NonNMethodCodeHeapSize                   = 5839372                                {pd product} {ergonomic}
    uintx NonProfiledCodeHeapSize                  = 122909434                              {pd product} {ergonomic}
    uintx ProfiledCodeHeapSize                     = 122909434                              {pd product} {ergonomic}
    uintx ReservedCodeCacheSize                    = 251658240                              {pd product} {ergonomic}
     bool SegmentedCodeCache                       = true                                      {product} {ergonomic}
   size_t SoftMaxHeapSize                          = 1073741824                             {manageable} {ergonomic}
     bool UseCompressedOops                        = true                           {product lp64_product} {ergonomic}
     bool UseG1GC                                  = true                                      {product} {command line}
     bool UseLargePagesIndividualAllocation        = false                                  {pd product} {ergonomic}
     bool UseStringDeduplication                   = true                                      {product} {command line}

Logging:
Log output configuration:
 #0: stdout all=warning uptime,level,tags foldmultilines=false
 #1: stderr all=off uptime,level,tags foldmultilines=false

Release file:
JAVA_VERSION="21.0.9" 
MODULES="java.base java.compiler java.datatransfer java.xml java.prefs java.desktop java.instrument java.logging java.management java.security.sasl java.naming java.rmi java.management.rmi java.net.http java.scripting java.security.jgss java.transaction.xa java.sql java.sql.rowset java.xml.crypto java.se java.smartcardio jdk.jfr javafx.base jdk.unsupported javafx.graphics javafx.controls javafx.fxml javafx.media jdk.unsupported.desktop javafx.swing jdk.jsobject jdk.xml.dom javafx.web jdk.accessibility jdk.internal.jvmstat jdk.attach jdk.charsets jdk.internal.opt jdk.zipfs jdk.compiler jdk.crypto.ec jdk.crypto.cryptoki jdk.crypto.mscapi jdk.dynalink jdk.internal.ed jdk.editpad jdk.httpserver jdk.incubator.vector jdk.internal.le jdk.internal.vm.ci jdk.internal.vm.compiler jdk.internal.vm.compiler.management jdk.jartool jdk.javadoc jdk.jdeps jdk.jdwp.agent jdk.jdi jdk.jlink jdk.jpackage jdk.jshell jdk.jstatd jdk.localedata jdk.management jdk.management.agent jdk.management.jfr jdk.naming.dns jdk.naming.rmi jdk.net jdk.nio.mapmode jdk.random jdk.sctp jdk.security.auth jdk.security.jgss" 

Environment Variables:
PATH=C:\Program Files\Common Files\Oracle\Java\javapath;C:\Program Files (x86)\Common Files\Oracle\Java\java8path;C:\Program Files (x86)\Common Files\Oracle\Java\javapath;C:\Windows\system32;C:\Windows;C:\Windows\System32\Wbem;C:\Windows\System32\WindowsPowerShell\v1.0\;C:\Windows\System32\OpenSSH\;C:\Program Files (x86)\NVIDIA Corporation\PhysX\Common;C:\Program Files\NVIDIA Corporation\NVIDIA NvDLISR;C:\Program Files\dotnet\;C:\WINDOWS\system32;C:\WINDOWS;C:\WINDOWS\System32\Wbem;C:\WINDOWS\System32\WindowsPowerShell\v1.0\;C:\WINDOWS\System32\OpenSSH\;C:\Program Files (x86)\Microsoft SQL Server\160\Tools\Binn\;C:\Program Files\Microsoft SQL Server\160\Tools\Binn\;C:\Program Files\Microsoft SQL Server\Client SDK\ODBC\170\Tools\Binn\;C:\Program Files\Microsoft SQL Server\160\DTS\Binn\;C:\MinGW\bin;C:\Program Files\Git\cmd;D:\User2\AppData2\Local\nvm;D:\nvm\nodejs;D:\IDEA\Mosquitto;C:\Program Files\nodejs\;C:\Program Files (x86)\cloudflared\;C:\Program Files (x86)\Windows Kits\10\Windows Performance Toolkit\;C:\Users\khach\AppData\Local\Microsoft\WindowsApps;C:\Users\khach\AppData\Local\Programs\Microsoft VS Code\bin;D:\User2\LTM\Ncat\Nmap;D:\User2\AppData2\Local\nvm;D:\nvm\nodejs;C:\Users\khach\AppData\Roaming\npm;C:\Users\khach\AppData\Local\Python\bin;C:\Users\khach\.dotnet\tools
USERNAME=DELL
OS=Windows_NT
PROCESSOR_IDENTIFIER=AMD64 Family 25 Model 80 Stepping 0, AuthenticAMD
TMP=C:\Users\khach\AppData\Local\Temp
TEMP=C:\Users\khach\AppData\Local\Temp




Periodic native trim disabled

---------------  S Y S T E M  ---------------

OS:
 Windows 11 , 64 bit Build 26100 (10.0.26100.8521)
OS uptime: 2 days 11:30 hours
Hyper-V role detected

CPU: total 12 (initial active 12) (12 cores per cpu, 2 threads per core) family 25 model 80 stepping 0 microcode 0xa500011, cx8, cmov, fxsr, ht, mmx, 3dnowpref, sse, sse2, sse3, ssse3, sse4a, sse4.1, sse4.2, popcnt, lzcnt, tsc, tscinvbit, avx, avx2, aes, erms, clmul, bmi1, bmi2, adx, sha, fma, vzeroupper, clflush, clflushopt, hv, rdtscp, rdpid, fsrm, f16c, cet_ss
Processor Information for the first 12 processors :
  Max Mhz: 3301, Current Mhz: 2011, Mhz Limit: 3301

Memory: 4k page, system-wide physical 15720M (3011M free)
TotalPageFile size 21720M (AvailPageFile size 37M)
current process WorkingSet (physical memory assigned to process): 426M, peak: 448M
current process commit charge ("private bytes"): 519M, peak: 542M

vm_info: OpenJDK 64-Bit Server VM (21.0.9+10-LTS) for windows-amd64 JRE (21.0.9+10-LTS), built on 2025-10-21T00:00:00Z by "admin" with unknown MS VC++:1942

END.
